10-28_18:37:49 Initialization StockPriceDownloader
10-28_18:38:09 Starting download for Ticker [AAPL] after 20 seconds 1#53
10-28_18:38:10 File [C:\Data\Dev\Java\StockPriceDownloader\Data\AAPL.csv] downloaded successfully! Time taken =0.58 seconds.
10-28_18:38:33 Starting download for Ticker [MSFT] after 23 seconds 2#53
10-28_18:38:33 File [C:\Data\Dev\Java\StockPriceDownloader\Data\MSFT.csv] downloaded successfully! Time taken =0.14 seconds.
10-28_18:38:47 Starting download for Ticker [GOOGL] after 14 seconds 3#53
10-28_18:38:47 File [C:\Data\Dev\Java\StockPriceDownloader\Data\GOOGL.csv] downloaded successfully! Time taken =0.13 seconds.
10-28_18:39:03 Starting download for Ticker [AMZN] after 16 seconds 4#53
10-28_18:39:03 File [C:\Data\Dev\Java\StockPriceDownloader\Data\AMZN.csv] downloaded successfully! Time taken =0.10 seconds.
10-28_18:39:20 Starting download for Ticker [TSLA] after 17 seconds 5#53
10-28_18:39:21 File [C:\Data\Dev\Java\StockPriceDownloader\Data\TSLA.csv] downloaded successfully! Time taken =0.29 seconds.
10-28_18:39:37 Starting download for Ticker [NVDA] after 16 seconds 6#53
10-28_18:39:37 File [C:\Data\Dev\Java\StockPriceDownloader\Data\NVDA.csv] downloaded successfully! Time taken =0.13 seconds.
10-28_18:39:54 Starting download for Ticker [META] after 17 seconds 7#53
10-28_18:39:54 File [C:\Data\Dev\Java\StockPriceDownloader\Data\META.csv] downloaded successfully! Time taken =0.14 seconds.
10-28_18:40:08 Starting download for Ticker [BRK-A] after 14 seconds 8#53
10-28_18:40:08 File [C:\Data\Dev\Java\StockPriceDownloader\Data\BRK-A.csv] downloaded successfully! Time taken =0.11 seconds.
10-28_18:40:20 Starting download for Ticker [TSM] after 12 seconds 9#53
10-28_18:40:20 File [C:\Data\Dev\Java\StockPriceDownloader\Data\TSM.csv] downloaded successfully! Time taken =0.12 seconds.
10-28_18:40:30 Starting download for Ticker [JNJ] after 10 seconds 10#53
10-28_18:40:30 File [C:\Data\Dev\Java\StockPriceDownloader\Data\JNJ.csv] downloaded successfully! Time taken =0.19 seconds.
10-28_18:40:55 Starting download for Ticker [UNH] after 25 seconds 11#53
10-28_18:40:55 File [C:\Data\Dev\Java\StockPriceDownloader\Data\UNH.csv] downloaded successfully! Time taken =0.15 seconds.
10-28_18:41:06 Starting download for Ticker [GOOG] after 11 seconds 12#53
10-28_18:41:07 File [C:\Data\Dev\Java\StockPriceDownloader\Data\GOOG.csv] downloaded successfully! Time taken =0.14 seconds.
10-28_18:41:30 Starting download for Ticker [V] after 23 seconds 13#53
10-28_18:41:30 File [C:\Data\Dev\Java\StockPriceDownloader\Data\V.csv] downloaded successfully! Time taken =0.12 seconds.
10-28_18:41:46 Starting download for Ticker [MA] after 16 seconds 14#53
10-28_18:41:46 File [C:\Data\Dev\Java\StockPriceDownloader\Data\MA.csv] downloaded successfully! Time taken =0.15 seconds.
10-28_18:42:08 Starting download for Ticker [WMT] after 22 seconds 15#53
10-28_18:42:08 File [C:\Data\Dev\Java\StockPriceDownloader\Data\WMT.csv] downloaded successfully! Time taken =0.29 seconds.
10-28_18:42:19 Starting download for Ticker [COST] after 11 seconds 16#53
10-28_18:42:21 File [C:\Data\Dev\Java\StockPriceDownloader\Data\COST.csv] downloaded successfully! Time taken =1.65 seconds.
10-28_18:42:35 Starting download for Ticker [HD] after 14 seconds 17#53
10-28_18:42:35 File [C:\Data\Dev\Java\StockPriceDownloader\Data\HD.csv] downloaded successfully! Time taken =0.15 seconds.
10-28_18:42:59 Starting download for Ticker [MCD] after 24 seconds 18#53
10-28_18:42:59 File [C:\Data\Dev\Java\StockPriceDownloader\Data\MCD.csv] downloaded successfully! Time taken =0.18 seconds.
10-28_18:43:17 Starting download for Ticker [PG] after 18 seconds 19#53
10-28_18:43:17 File [C:\Data\Dev\Java\StockPriceDownloader\Data\PG.csv] downloaded successfully! Time taken =0.18 seconds.
10-28_18:43:28 Starting download for Ticker [PEP] after 11 seconds 20#53
10-28_18:43:29 File [C:\Data\Dev\Java\StockPriceDownloader\Data\PEP.csv] downloaded successfully! Time taken =0.14 seconds.
10-28_18:43:52 Starting download for Ticker [KO] after 23 seconds 21#53
10-28_18:43:52 File [C:\Data\Dev\Java\StockPriceDownloader\Data\KO.csv] downloaded successfully! Time taken =0.24 seconds.
10-28_18:44:08 Starting download for Ticker [INTC] after 16 seconds 22#53
10-28_18:44:08 File [C:\Data\Dev\Java\StockPriceDownloader\Data\INTC.csv] downloaded successfully! Time taken =0.13 seconds.
10-28_18:44:32 Starting download for Ticker [CRM] after 24 seconds 23#53
10-28_18:44:32 File [C:\Data\Dev\Java\StockPriceDownloader\Data\CRM.csv] downloaded successfully! Time taken =0.12 seconds.
10-28_18:44:55 Starting download for Ticker [NFLX] after 23 seconds 24#53
10-28_18:44:55 File [C:\Data\Dev\Java\StockPriceDownloader\Data\NFLX.csv] downloaded successfully! Time taken =0.10 seconds.
10-28_18:45:06 Starting download for Ticker [NVDA] after 11 seconds 25#53
10-28_18:45:07 File [C:\Data\Dev\Java\StockPriceDownloader\Data\NVDA.csv] downloaded successfully! Time taken =0.51 seconds.
10-28_18:45:17 Starting download for Ticker [CMCSA] after 10 seconds 26#53
10-28_18:45:17 File [C:\Data\Dev\Java\StockPriceDownloader\Data\CMCSA.csv] downloaded successfully! Time taken =0.14 seconds.
10-28_18:45:33 Starting download for Ticker [ABBV] after 16 seconds 27#53
10-28_18:45:33 File [C:\Data\Dev\Java\StockPriceDownloader\Data\ABBV.csv] downloaded successfully! Time taken =0.09 seconds.
10-28_18:45:53 Starting download for Ticker [TXN] after 20 seconds 28#53
10-28_18:45:53 File [C:\Data\Dev\Java\StockPriceDownloader\Data\TXN.csv] downloaded successfully! Time taken =0.21 seconds.
10-28_18:46:14 Starting download for Ticker [ADBE] after 21 seconds 29#53
10-28_18:46:14 File [C:\Data\Dev\Java\StockPriceDownloader\Data\ADBE.csv] downloaded successfully! Time taken =0.13 seconds.
10-28_18:46:31 Starting download for Ticker [MRK] after 17 seconds 30#53
10-28_18:46:32 File [C:\Data\Dev\Java\StockPriceDownloader\Data\MRK.csv] downloaded successfully! Time taken =0.25 seconds.
10-28_18:46:53 Starting download for Ticker [QCOM] after 21 seconds 31#53
10-28_18:46:53 File [C:\Data\Dev\Java\StockPriceDownloader\Data\QCOM.csv] downloaded successfully! Time taken =0.17 seconds.
10-28_18:47:08 Starting download for Ticker [AMD] after 15 seconds 32#53
10-28_18:47:08 File [C:\Data\Dev\Java\StockPriceDownloader\Data\AMD.csv] downloaded successfully! Time taken =0.11 seconds.
10-28_18:47:18 Starting download for Ticker [TMO] after 10 seconds 33#53
10-28_18:47:18 File [C:\Data\Dev\Java\StockPriceDownloader\Data\TMO.csv] downloaded successfully! Time taken =0.16 seconds.
10-28_18:47:32 Starting download for Ticker [ADP] after 14 seconds 34#53
10-28_18:47:32 File [C:\Data\Dev\Java\StockPriceDownloader\Data\ADP.csv] downloaded successfully! Time taken =0.13 seconds.
10-28_18:47:42 Starting download for Ticker [PYPL] after 10 seconds 35#53
10-28_18:47:42 File [C:\Data\Dev\Java\StockPriceDownloader\Data\PYPL.csv] downloaded successfully! Time taken =0.10 seconds.
10-28_18:47:57 Starting download for Ticker [LLY] after 15 seconds 36#53
10-28_18:47:57 File [C:\Data\Dev\Java\StockPriceDownloader\Data\LLY.csv] downloaded successfully! Time taken =0.20 seconds.
10-28_18:48:08 Starting download for Ticker [CVX] after 11 seconds 37#53
10-28_18:48:09 File [C:\Data\Dev\Java\StockPriceDownloader\Data\CVX.csv] downloaded successfully! Time taken =0.16 seconds.
10-28_18:48:19 Starting download for Ticker [XOM] after 10 seconds 38#53
10-28_18:48:19 File [C:\Data\Dev\Java\StockPriceDownloader\Data\XOM.csv] downloaded successfully! Time taken =0.24 seconds.
10-28_18:48:43 Starting download for Ticker [MDLZ] after 24 seconds 39#53
10-28_18:48:43 File [C:\Data\Dev\Java\StockPriceDownloader\Data\MDLZ.csv] downloaded successfully! Time taken =0.12 seconds.
10-28_18:49:01 Starting download for Ticker [DIS] after 18 seconds 40#53
10-28_18:49:01 File [C:\Data\Dev\Java\StockPriceDownloader\Data\DIS.csv] downloaded successfully! Time taken =0.30 seconds.
10-28_18:49:14 Starting download for Ticker [IBM] after 13 seconds 41#53
10-28_18:49:14 File [C:\Data\Dev\Java\StockPriceDownloader\Data\IBM.csv] downloaded successfully! Time taken =0.16 seconds.
10-28_18:49:24 Starting download for Ticker [FISV.VI] after 10 seconds 42#53
10-28_18:49:25 File [C:\Data\Dev\Java\StockPriceDownloader\Data\FISV.VI.csv] downloaded successfully! Time taken =0.10 seconds.
10-28_18:49:44 Starting download for Ticker [BKNG] after 19 seconds 43#53
10-28_18:49:44 File [C:\Data\Dev\Java\StockPriceDownloader\Data\BKNG.csv] downloaded successfully! Time taken =0.10 seconds.
10-28_18:50:08 Starting download for Ticker [LMT] after 24 seconds 44#53
10-28_18:50:08 File [C:\Data\Dev\Java\StockPriceDownloader\Data\LMT.csv] downloaded successfully! Time taken =0.15 seconds.
10-28_18:50:31 Starting download for Ticker [NKE] after 23 seconds 45#53
10-28_18:50:31 File [C:\Data\Dev\Java\StockPriceDownloader\Data\NKE.csv] downloaded successfully! Time taken =0.18 seconds.
10-28_18:50:47 Starting download for Ticker [UNP] after 16 seconds 46#53
10-28_18:50:47 File [C:\Data\Dev\Java\StockPriceDownloader\Data\UNP.csv] downloaded successfully! Time taken =0.16 seconds.
10-28_18:51:04 Starting download for Ticker [DHR] after 17 seconds 47#53
10-28_18:51:04 File [C:\Data\Dev\Java\StockPriceDownloader\Data\DHR.csv] downloaded successfully! Time taken =0.13 seconds.
10-28_18:51:18 Starting download for Ticker [DOW] after 14 seconds 48#53
10-28_18:51:18 File [C:\Data\Dev\Java\StockPriceDownloader\Data\DOW.csv] downloaded successfully! Time taken =0.09 seconds.
10-28_18:51:33 Starting download for Ticker [JPM] after 15 seconds 49#53
10-28_18:51:34 File [C:\Data\Dev\Java\StockPriceDownloader\Data\JPM.csv] downloaded successfully! Time taken =0.18 seconds.
10-28_18:51:50 Starting download for Ticker [WBA] after 16 seconds 50#53
10-28_18:51:50 File [C:\Data\Dev\Java\StockPriceDownloader\Data\WBA.csv] downloaded successfully! Time taken =0.22 seconds.
10-28_18:52:15 Starting download for Ticker [MO] after 25 seconds 51#53
10-28_18:52:15 File [C:\Data\Dev\Java\StockPriceDownloader\Data\MO.csv] downloaded successfully! Time taken =0.18 seconds.
10-28_18:52:38 Starting download for Ticker [AVGO] after 23 seconds 52#53
10-28_18:52:38 File [C:\Data\Dev\Java\StockPriceDownloader\Data\AVGO.csv] downloaded successfully! Time taken =0.10 seconds.
10-28_18:52:48 Starting download for Ticker [MMM] after 10 seconds 53#53
10-28_18:52:48 File [C:\Data\Dev\Java\StockPriceDownloader\Data\MMM.csv] downloaded successfully! Time taken =0.19 seconds.
10-28_18:52:48 The Total Time 899.22 seconds, FileDownload only=10.61 seconds to complete download 53 files.
