10-28_19:33:54 Initialization StockPriceDownloader
10-28_19:34:08 Starting download for Ticker [AAPL] after 14 seconds 1#52
10-28_19:34:09 File [C:\Data\Dev\Java\StockPriceDownloader\Data\AAPL.csv] downloaded successfully! Time taken =0.60 seconds.
10-28_19:34:24 Starting download for Ticker [MSFT] after 15 seconds 2#52
10-28_19:34:24 File [C:\Data\Dev\Java\StockPriceDownloader\Data\MSFT.csv] downloaded successfully! Time taken =0.12 seconds.
10-28_19:34:41 Starting download for Ticker [GOOGL] after 17 seconds 3#52
10-28_19:34:41 File [C:\Data\Dev\Java\StockPriceDownloader\Data\GOOGL.csv] downloaded successfully! Time taken =0.19 seconds.
10-28_19:35:04 Starting download for Ticker [AMZN] after 23 seconds 4#52
10-28_19:35:05 File [C:\Data\Dev\Java\StockPriceDownloader\Data\AMZN.csv] downloaded successfully! Time taken =0.10 seconds.
10-28_19:35:24 Starting download for Ticker [TSLA] after 19 seconds 5#52
10-28_19:35:24 File [C:\Data\Dev\Java\StockPriceDownloader\Data\TSLA.csv] downloaded successfully! Time taken =0.23 seconds.
10-28_19:35:48 Starting download for Ticker [NVDA] after 24 seconds 6#52
10-28_19:35:48 File [C:\Data\Dev\Java\StockPriceDownloader\Data\NVDA.csv] downloaded successfully! Time taken =0.11 seconds.
10-28_19:36:08 Starting download for Ticker [META] after 20 seconds 7#52
10-28_19:36:08 File [C:\Data\Dev\Java\StockPriceDownloader\Data\META.csv] downloaded successfully! Time taken =0.12 seconds.
10-28_19:36:24 Starting download for Ticker [BRK-A] after 16 seconds 8#52
10-28_19:36:25 File [C:\Data\Dev\Java\StockPriceDownloader\Data\BRK-A.csv] downloaded successfully! Time taken =0.84 seconds.
10-28_19:36:40 Starting download for Ticker [TSM] after 15 seconds 9#52
10-28_19:36:40 File [C:\Data\Dev\Java\StockPriceDownloader\Data\TSM.csv] downloaded successfully! Time taken =0.20 seconds.
10-28_19:36:58 Starting download for Ticker [JNJ] after 18 seconds 10#52
10-28_19:36:58 File [C:\Data\Dev\Java\StockPriceDownloader\Data\JNJ.csv] downloaded successfully! Time taken =0.18 seconds.
10-28_19:37:16 Starting download for Ticker [UNH] after 18 seconds 11#52
10-28_19:37:16 File [C:\Data\Dev\Java\StockPriceDownloader\Data\UNH.csv] downloaded successfully! Time taken =0.20 seconds.
10-28_19:37:26 Starting download for Ticker [GOOG] after 10 seconds 12#52
10-28_19:37:27 File [C:\Data\Dev\Java\StockPriceDownloader\Data\GOOG.csv] downloaded successfully! Time taken =0.09 seconds.
10-28_19:37:37 Starting download for Ticker [V] after 10 seconds 13#52
10-28_19:37:37 File [C:\Data\Dev\Java\StockPriceDownloader\Data\V.csv] downloaded successfully! Time taken =0.12 seconds.
10-28_19:37:57 Starting download for Ticker [MA] after 20 seconds 14#52
10-28_19:37:57 File [C:\Data\Dev\Java\StockPriceDownloader\Data\MA.csv] downloaded successfully! Time taken =0.12 seconds.
10-28_19:38:18 Starting download for Ticker [WMT] after 21 seconds 15#52
10-28_19:38:18 File [C:\Data\Dev\Java\StockPriceDownloader\Data\WMT.csv] downloaded successfully! Time taken =0.17 seconds.
10-28_19:38:35 Starting download for Ticker [COST] after 17 seconds 16#52
10-28_19:38:35 File [C:\Data\Dev\Java\StockPriceDownloader\Data\COST.csv] downloaded successfully! Time taken =0.15 seconds.
10-28_19:38:48 Starting download for Ticker [HD] after 13 seconds 17#52
10-28_19:38:48 File [C:\Data\Dev\Java\StockPriceDownloader\Data\HD.csv] downloaded successfully! Time taken =0.14 seconds.
10-28_19:39:10 Starting download for Ticker [MCD] after 22 seconds 18#52
10-28_19:39:33 File [C:\Data\Dev\Java\StockPriceDownloader\Data\MCD.csv] downloaded successfully! Time taken =22.68 seconds.
10-28_19:39:51 Starting download for Ticker [PG] after 18 seconds 19#52
10-28_19:40:04 File [C:\Data\Dev\Java\StockPriceDownloader\Data\PG.csv] downloaded successfully! Time taken =13.00 seconds.
10-28_19:40:25 Starting download for Ticker [PEP] after 21 seconds 20#52
10-28_19:40:28 File [C:\Data\Dev\Java\StockPriceDownloader\Data\PEP.csv] downloaded successfully! Time taken =2.60 seconds.
10-28_19:40:48 Starting download for Ticker [KO] after 20 seconds 21#52
10-28_19:40:48 File [C:\Data\Dev\Java\StockPriceDownloader\Data\KO.csv] downloaded successfully! Time taken =0.25 seconds.
10-28_19:41:08 Starting download for Ticker [INTC] after 20 seconds 22#52
10-28_19:41:08 File [C:\Data\Dev\Java\StockPriceDownloader\Data\INTC.csv] downloaded successfully! Time taken =0.17 seconds.
10-28_19:41:25 Starting download for Ticker [CRM] after 17 seconds 23#52
10-28_19:41:25 File [C:\Data\Dev\Java\StockPriceDownloader\Data\CRM.csv] downloaded successfully! Time taken =0.10 seconds.
10-28_19:41:42 Starting download for Ticker [NFLX] after 17 seconds 24#52
10-28_19:41:42 File [C:\Data\Dev\Java\StockPriceDownloader\Data\NFLX.csv] downloaded successfully! Time taken =0.14 seconds.
10-28_19:41:54 Starting download for Ticker [CMCSA] after 12 seconds 25#52
10-28_19:41:54 File [C:\Data\Dev\Java\StockPriceDownloader\Data\CMCSA.csv] downloaded successfully! Time taken =0.16 seconds.
10-28_19:42:14 Starting download for Ticker [ABBV] after 20 seconds 26#52
10-28_19:42:15 File [C:\Data\Dev\Java\StockPriceDownloader\Data\ABBV.csv] downloaded successfully! Time taken =0.17 seconds.
10-28_19:42:27 Starting download for Ticker [TXN] after 12 seconds 27#52
10-28_19:42:27 File [C:\Data\Dev\Java\StockPriceDownloader\Data\TXN.csv] downloaded successfully! Time taken =0.24 seconds.
10-28_19:42:41 Starting download for Ticker [ADBE] after 14 seconds 28#52
10-28_19:42:41 File [C:\Data\Dev\Java\StockPriceDownloader\Data\ADBE.csv] downloaded successfully! Time taken =0.12 seconds.
10-28_19:43:00 Starting download for Ticker [MRK] after 19 seconds 29#52
10-28_19:43:00 File [C:\Data\Dev\Java\StockPriceDownloader\Data\MRK.csv] downloaded successfully! Time taken =0.40 seconds.
10-28_19:43:25 Starting download for Ticker [QCOM] after 25 seconds 30#52
10-28_19:43:26 File [C:\Data\Dev\Java\StockPriceDownloader\Data\QCOM.csv] downloaded successfully! Time taken =0.18 seconds.
10-28_19:43:48 Starting download for Ticker [AMD] after 22 seconds 31#52
10-28_19:43:48 File [C:\Data\Dev\Java\StockPriceDownloader\Data\AMD.csv] downloaded successfully! Time taken =0.21 seconds.
10-28_19:44:07 Starting download for Ticker [TMO] after 19 seconds 32#52
10-28_19:44:07 File [C:\Data\Dev\Java\StockPriceDownloader\Data\TMO.csv] downloaded successfully! Time taken =0.16 seconds.
10-28_19:44:19 Starting download for Ticker [ADP] after 12 seconds 33#52
10-28_19:44:24 File [C:\Data\Dev\Java\StockPriceDownloader\Data\ADP.csv] downloaded successfully! Time taken =5.08 seconds.
10-28_19:44:48 Starting download for Ticker [PYPL] after 24 seconds 34#52
10-28_19:44:48 File [C:\Data\Dev\Java\StockPriceDownloader\Data\PYPL.csv] downloaded successfully! Time taken =0.10 seconds.
10-28_19:45:04 Starting download for Ticker [LLY] after 16 seconds 35#52
10-28_19:45:04 File [C:\Data\Dev\Java\StockPriceDownloader\Data\LLY.csv] downloaded successfully! Time taken =0.24 seconds.
10-28_19:45:21 Starting download for Ticker [CVX] after 17 seconds 36#52
10-28_19:45:22 File [C:\Data\Dev\Java\StockPriceDownloader\Data\CVX.csv] downloaded successfully! Time taken =0.17 seconds.
10-28_19:45:39 Starting download for Ticker [XOM] after 17 seconds 37#52
10-28_19:45:39 File [C:\Data\Dev\Java\StockPriceDownloader\Data\XOM.csv] downloaded successfully! Time taken =0.20 seconds.
10-28_19:45:51 Starting download for Ticker [MDLZ] after 12 seconds 38#52
10-28_19:45:51 File [C:\Data\Dev\Java\StockPriceDownloader\Data\MDLZ.csv] downloaded successfully! Time taken =0.25 seconds.
10-28_19:46:15 Starting download for Ticker [DIS] after 24 seconds 39#52
10-28_19:46:15 File [C:\Data\Dev\Java\StockPriceDownloader\Data\DIS.csv] downloaded successfully! Time taken =0.20 seconds.
10-28_19:46:28 Starting download for Ticker [IBM] after 13 seconds 40#52
10-28_19:46:29 File [C:\Data\Dev\Java\StockPriceDownloader\Data\IBM.csv] downloaded successfully! Time taken =0.18 seconds.
10-28_19:46:47 Starting download for Ticker [FISV.VI] after 18 seconds 41#52
10-28_19:46:47 File [C:\Data\Dev\Java\StockPriceDownloader\Data\FISV.VI.csv] downloaded successfully! Time taken =0.12 seconds.
10-28_19:47:04 Starting download for Ticker [BKNG] after 17 seconds 42#52
10-28_19:47:04 File [C:\Data\Dev\Java\StockPriceDownloader\Data\BKNG.csv] downloaded successfully! Time taken =0.10 seconds.
10-28_19:47:25 Starting download for Ticker [LMT] after 21 seconds 43#52
10-28_19:47:25 File [C:\Data\Dev\Java\StockPriceDownloader\Data\LMT.csv] downloaded successfully! Time taken =0.17 seconds.
10-28_19:47:48 Starting download for Ticker [NKE] after 23 seconds 44#52
10-28_19:47:48 File [C:\Data\Dev\Java\StockPriceDownloader\Data\NKE.csv] downloaded successfully! Time taken =0.13 seconds.
10-28_19:48:09 Starting download for Ticker [UNP] after 21 seconds 45#52
10-28_19:48:09 File [C:\Data\Dev\Java\StockPriceDownloader\Data\UNP.csv] downloaded successfully! Time taken =0.15 seconds.
10-28_19:48:30 Starting download for Ticker [DHR] after 21 seconds 46#52
10-28_19:48:30 File [C:\Data\Dev\Java\StockPriceDownloader\Data\DHR.csv] downloaded successfully! Time taken =0.16 seconds.
10-28_19:48:40 Starting download for Ticker [DOW] after 10 seconds 47#52
10-28_19:48:41 File [C:\Data\Dev\Java\StockPriceDownloader\Data\DOW.csv] downloaded successfully! Time taken =0.12 seconds.
10-28_19:48:51 Starting download for Ticker [JPM] after 10 seconds 48#52
10-28_19:48:51 File [C:\Data\Dev\Java\StockPriceDownloader\Data\JPM.csv] downloaded successfully! Time taken =0.16 seconds.
10-28_19:49:16 Starting download for Ticker [WBA] after 25 seconds 49#52
10-28_19:49:16 File [C:\Data\Dev\Java\StockPriceDownloader\Data\WBA.csv] downloaded successfully! Time taken =0.23 seconds.
10-28_19:49:37 Starting download for Ticker [MO] after 21 seconds 50#52
10-28_19:49:37 File [C:\Data\Dev\Java\StockPriceDownloader\Data\MO.csv] downloaded successfully! Time taken =0.18 seconds.
10-28_19:49:58 Starting download for Ticker [AVGO] after 21 seconds 51#52
10-28_19:49:58 File [C:\Data\Dev\Java\StockPriceDownloader\Data\AVGO.csv] downloaded successfully! Time taken =0.13 seconds.
10-28_19:50:20 Starting download for Ticker [MMM] after 22 seconds 52#52
10-28_19:50:20 File [C:\Data\Dev\Java\StockPriceDownloader\Data\MMM.csv] downloaded successfully! Time taken =0.16 seconds.
10-28_19:50:20 The Total Time 986.03 seconds, FileDownload only=52.51 seconds to complete download 52 files.
10-28_19:50:21 Starting load [C:\Data\Dev\Java\StockPriceDownloader\Data\AAPL.csv],
10-28_19:50:21 CREATE TABLE IF NOT EXISTS StockPricesRaw ("Ticker" VARCHAR(255),"Date" VARCHAR(255),"Open" VARCHAR(255),"High" VARCHAR(255),"Low" VARCHAR(255),"Close" VARCHAR(255),"Adj Close" VARCHAR(255),"Volume" VARCHAR(255))
10-28_19:50:22 DELETE FROM StockPrices WHERE ROWID IN (select StockPrices.ROWID from StockPrices inner join StockPricesRaw on StockPrices.Ticker = StockPricesRaw.Ticker and StockPrices.PriceDate = StockPricesRaw."Date") ;
10-28_19:50:22 INSERT INTO StockPrices (Ticker,PriceDate,Open,High,Low,Close,"Adj Close",Volume) select raw.Ticker, raw."Date", raw.Open,raw.High,raw.Low,raw.Close, raw."Adj Close", raw.Volume from StockPricesRaw raw left outer join StockPrices sp on raw.Ticker = sp.Ticker and raw."Date" = sp.PriceDate where sp.PriceDate is NULL;
10-28_19:50:22 File [C:\Data\Dev\Java\StockPriceDownloader\Data\AAPL.csv] Upload success! Time taken =1.30 seconds.
10-28_19:50:22 Starting load [C:\Data\Dev\Java\StockPriceDownloader\Data\MSFT.csv],
10-28_19:50:22 CREATE TABLE IF NOT EXISTS StockPricesRaw ("Ticker" VARCHAR(255),"Date" VARCHAR(255),"Open" VARCHAR(255),"High" VARCHAR(255),"Low" VARCHAR(255),"Close" VARCHAR(255),"Adj Close" VARCHAR(255),"Volume" VARCHAR(255))
10-28_19:50:23 DELETE FROM StockPrices WHERE ROWID IN (select StockPrices.ROWID from StockPrices inner join StockPricesRaw on StockPrices.Ticker = StockPricesRaw.Ticker and StockPrices.PriceDate = StockPricesRaw."Date") ;
10-28_19:50:23 INSERT INTO StockPrices (Ticker,PriceDate,Open,High,Low,Close,"Adj Close",Volume) select raw.Ticker, raw."Date", raw.Open,raw.High,raw.Low,raw.Close, raw."Adj Close", raw.Volume from StockPricesRaw raw left outer join StockPrices sp on raw.Ticker = sp.Ticker and raw."Date" = sp.PriceDate where sp.PriceDate is NULL;
10-28_19:50:23 File [C:\Data\Dev\Java\StockPriceDownloader\Data\MSFT.csv] Upload success! Time taken =1.25 seconds.
10-28_19:50:23 Starting load [C:\Data\Dev\Java\StockPriceDownloader\Data\GOOGL.csv],
10-28_19:50:23 CREATE TABLE IF NOT EXISTS StockPricesRaw ("Ticker" VARCHAR(255),"Date" VARCHAR(255),"Open" VARCHAR(255),"High" VARCHAR(255),"Low" VARCHAR(255),"Close" VARCHAR(255),"Adj Close" VARCHAR(255),"Volume" VARCHAR(255))
10-28_19:50:24 DELETE FROM StockPrices WHERE ROWID IN (select StockPrices.ROWID from StockPrices inner join StockPricesRaw on StockPrices.Ticker = StockPricesRaw.Ticker and StockPrices.PriceDate = StockPricesRaw."Date") ;
10-28_19:50:24 INSERT INTO StockPrices (Ticker,PriceDate,Open,High,Low,Close,"Adj Close",Volume) select raw.Ticker, raw."Date", raw.Open,raw.High,raw.Low,raw.Close, raw."Adj Close", raw.Volume from StockPricesRaw raw left outer join StockPrices sp on raw.Ticker = sp.Ticker and raw."Date" = sp.PriceDate where sp.PriceDate is NULL;
10-28_19:50:24 File [C:\Data\Dev\Java\StockPriceDownloader\Data\GOOGL.csv] Upload success! Time taken =1.24 seconds.
10-28_19:50:24 Starting load [C:\Data\Dev\Java\StockPriceDownloader\Data\AMZN.csv],
10-28_19:50:24 CREATE TABLE IF NOT EXISTS StockPricesRaw ("Ticker" VARCHAR(255),"Date" VARCHAR(255),"Open" VARCHAR(255),"High" VARCHAR(255),"Low" VARCHAR(255),"Close" VARCHAR(255),"Adj Close" VARCHAR(255),"Volume" VARCHAR(255))
10-28_19:50:26 DELETE FROM StockPrices WHERE ROWID IN (select StockPrices.ROWID from StockPrices inner join StockPricesRaw on StockPrices.Ticker = StockPricesRaw.Ticker and StockPrices.PriceDate = StockPricesRaw."Date") ;
10-28_19:50:26 INSERT INTO StockPrices (Ticker,PriceDate,Open,High,Low,Close,"Adj Close",Volume) select raw.Ticker, raw."Date", raw.Open,raw.High,raw.Low,raw.Close, raw."Adj Close", raw.Volume from StockPricesRaw raw left outer join StockPrices sp on raw.Ticker = sp.Ticker and raw."Date" = sp.PriceDate where sp.PriceDate is NULL;
10-28_19:50:26 File [C:\Data\Dev\Java\StockPriceDownloader\Data\AMZN.csv] Upload success! Time taken =1.26 seconds.
10-28_19:50:26 Starting load [C:\Data\Dev\Java\StockPriceDownloader\Data\TSLA.csv],
10-28_19:50:26 CREATE TABLE IF NOT EXISTS StockPricesRaw ("Ticker" VARCHAR(255),"Date" VARCHAR(255),"Open" VARCHAR(255),"High" VARCHAR(255),"Low" VARCHAR(255),"Close" VARCHAR(255),"Adj Close" VARCHAR(255),"Volume" VARCHAR(255))
10-28_19:50:28 DELETE FROM StockPrices WHERE ROWID IN (select StockPrices.ROWID from StockPrices inner join StockPricesRaw on StockPrices.Ticker = StockPricesRaw.Ticker and StockPrices.PriceDate = StockPricesRaw."Date") ;
10-28_19:50:28 INSERT INTO StockPrices (Ticker,PriceDate,Open,High,Low,Close,"Adj Close",Volume) select raw.Ticker, raw."Date", raw.Open,raw.High,raw.Low,raw.Close, raw."Adj Close", raw.Volume from StockPricesRaw raw left outer join StockPrices sp on raw.Ticker = sp.Ticker and raw."Date" = sp.PriceDate where sp.PriceDate is NULL;
10-28_19:50:28 File [C:\Data\Dev\Java\StockPriceDownloader\Data\TSLA.csv] Upload success! Time taken =2.04 seconds.
10-28_19:50:28 Starting load [C:\Data\Dev\Java\StockPriceDownloader\Data\NVDA.csv],
10-28_19:50:28 CREATE TABLE IF NOT EXISTS StockPricesRaw ("Ticker" VARCHAR(255),"Date" VARCHAR(255),"Open" VARCHAR(255),"High" VARCHAR(255),"Low" VARCHAR(255),"Close" VARCHAR(255),"Adj Close" VARCHAR(255),"Volume" VARCHAR(255))
10-28_19:50:29 DELETE FROM StockPrices WHERE ROWID IN (select StockPrices.ROWID from StockPrices inner join StockPricesRaw on StockPrices.Ticker = StockPricesRaw.Ticker and StockPrices.PriceDate = StockPricesRaw."Date") ;
10-28_19:50:29 INSERT INTO StockPrices (Ticker,PriceDate,Open,High,Low,Close,"Adj Close",Volume) select raw.Ticker, raw."Date", raw.Open,raw.High,raw.Low,raw.Close, raw."Adj Close", raw.Volume from StockPricesRaw raw left outer join StockPrices sp on raw.Ticker = sp.Ticker and raw."Date" = sp.PriceDate where sp.PriceDate is NULL;
10-28_19:50:29 File [C:\Data\Dev\Java\StockPriceDownloader\Data\NVDA.csv] Upload success! Time taken =1.24 seconds.
10-28_19:50:29 Starting load [C:\Data\Dev\Java\StockPriceDownloader\Data\META.csv],
10-28_19:50:29 CREATE TABLE IF NOT EXISTS StockPricesRaw ("Ticker" VARCHAR(255),"Date" VARCHAR(255),"Open" VARCHAR(255),"High" VARCHAR(255),"Low" VARCHAR(255),"Close" VARCHAR(255),"Adj Close" VARCHAR(255),"Volume" VARCHAR(255))
10-28_19:50:30 DELETE FROM StockPrices WHERE ROWID IN (select StockPrices.ROWID from StockPrices inner join StockPricesRaw on StockPrices.Ticker = StockPricesRaw.Ticker and StockPrices.PriceDate = StockPricesRaw."Date") ;
10-28_19:50:30 INSERT INTO StockPrices (Ticker,PriceDate,Open,High,Low,Close,"Adj Close",Volume) select raw.Ticker, raw."Date", raw.Open,raw.High,raw.Low,raw.Close, raw."Adj Close", raw.Volume from StockPricesRaw raw left outer join StockPrices sp on raw.Ticker = sp.Ticker and raw."Date" = sp.PriceDate where sp.PriceDate is NULL;
10-28_19:50:30 File [C:\Data\Dev\Java\StockPriceDownloader\Data\META.csv] Upload success! Time taken =1.24 seconds.
10-28_19:50:30 Starting load [C:\Data\Dev\Java\StockPriceDownloader\Data\BRK-A.csv],
10-28_19:50:30 CREATE TABLE IF NOT EXISTS StockPricesRaw ("Ticker" VARCHAR(255),"Date" VARCHAR(255),"Open" VARCHAR(255),"High" VARCHAR(255),"Low" VARCHAR(255),"Close" VARCHAR(255),"Adj Close" VARCHAR(255),"Volume" VARCHAR(255))
10-28_19:50:31 DELETE FROM StockPrices WHERE ROWID IN (select StockPrices.ROWID from StockPrices inner join StockPricesRaw on StockPrices.Ticker = StockPricesRaw.Ticker and StockPrices.PriceDate = StockPricesRaw."Date") ;
10-28_19:50:31 INSERT INTO StockPrices (Ticker,PriceDate,Open,High,Low,Close,"Adj Close",Volume) select raw.Ticker, raw."Date", raw.Open,raw.High,raw.Low,raw.Close, raw."Adj Close", raw.Volume from StockPricesRaw raw left outer join StockPrices sp on raw.Ticker = sp.Ticker and raw."Date" = sp.PriceDate where sp.PriceDate is NULL;
10-28_19:50:31 File [C:\Data\Dev\Java\StockPriceDownloader\Data\BRK-A.csv] Upload success! Time taken =1.24 seconds.
10-28_19:50:31 Starting load [C:\Data\Dev\Java\StockPriceDownloader\Data\TSM.csv],
10-28_19:50:31 CREATE TABLE IF NOT EXISTS StockPricesRaw ("Ticker" VARCHAR(255),"Date" VARCHAR(255),"Open" VARCHAR(255),"High" VARCHAR(255),"Low" VARCHAR(255),"Close" VARCHAR(255),"Adj Close" VARCHAR(255),"Volume" VARCHAR(255))
10-28_19:50:33 DELETE FROM StockPrices WHERE ROWID IN (select StockPrices.ROWID from StockPrices inner join StockPricesRaw on StockPrices.Ticker = StockPricesRaw.Ticker and StockPrices.PriceDate = StockPricesRaw."Date") ;
10-28_19:50:33 INSERT INTO StockPrices (Ticker,PriceDate,Open,High,Low,Close,"Adj Close",Volume) select raw.Ticker, raw."Date", raw.Open,raw.High,raw.Low,raw.Close, raw."Adj Close", raw.Volume from StockPricesRaw raw left outer join StockPrices sp on raw.Ticker = sp.Ticker and raw."Date" = sp.PriceDate where sp.PriceDate is NULL;
10-28_19:50:33 File [C:\Data\Dev\Java\StockPriceDownloader\Data\TSM.csv] Upload success! Time taken =1.99 seconds.
10-28_19:50:33 Starting load [C:\Data\Dev\Java\StockPriceDownloader\Data\JNJ.csv],
10-28_19:50:33 CREATE TABLE IF NOT EXISTS StockPricesRaw ("Ticker" VARCHAR(255),"Date" VARCHAR(255),"Open" VARCHAR(255),"High" VARCHAR(255),"Low" VARCHAR(255),"Close" VARCHAR(255),"Adj Close" VARCHAR(255),"Volume" VARCHAR(255))
10-28_19:50:35 DELETE FROM StockPrices WHERE ROWID IN (select StockPrices.ROWID from StockPrices inner join StockPricesRaw on StockPrices.Ticker = StockPricesRaw.Ticker and StockPrices.PriceDate = StockPricesRaw."Date") ;
10-28_19:50:35 INSERT INTO StockPrices (Ticker,PriceDate,Open,High,Low,Close,"Adj Close",Volume) select raw.Ticker, raw."Date", raw.Open,raw.High,raw.Low,raw.Close, raw."Adj Close", raw.Volume from StockPricesRaw raw left outer join StockPrices sp on raw.Ticker = sp.Ticker and raw."Date" = sp.PriceDate where sp.PriceDate is NULL;
10-28_19:50:35 File [C:\Data\Dev\Java\StockPriceDownloader\Data\JNJ.csv] Upload success! Time taken =1.25 seconds.
10-28_19:50:35 Starting load [C:\Data\Dev\Java\StockPriceDownloader\Data\UNH.csv],
10-28_19:50:35 CREATE TABLE IF NOT EXISTS StockPricesRaw ("Ticker" VARCHAR(255),"Date" VARCHAR(255),"Open" VARCHAR(255),"High" VARCHAR(255),"Low" VARCHAR(255),"Close" VARCHAR(255),"Adj Close" VARCHAR(255),"Volume" VARCHAR(255))
10-28_19:50:36 DELETE FROM StockPrices WHERE ROWID IN (select StockPrices.ROWID from StockPrices inner join StockPricesRaw on StockPrices.Ticker = StockPricesRaw.Ticker and StockPrices.PriceDate = StockPricesRaw."Date") ;
10-28_19:50:36 INSERT INTO StockPrices (Ticker,PriceDate,Open,High,Low,Close,"Adj Close",Volume) select raw.Ticker, raw."Date", raw.Open,raw.High,raw.Low,raw.Close, raw."Adj Close", raw.Volume from StockPricesRaw raw left outer join StockPrices sp on raw.Ticker = sp.Ticker and raw."Date" = sp.PriceDate where sp.PriceDate is NULL;
10-28_19:50:36 File [C:\Data\Dev\Java\StockPriceDownloader\Data\UNH.csv] Upload success! Time taken =1.25 seconds.
10-28_19:50:36 Starting load [C:\Data\Dev\Java\StockPriceDownloader\Data\GOOG.csv],
10-28_19:50:36 CREATE TABLE IF NOT EXISTS StockPricesRaw ("Ticker" VARCHAR(255),"Date" VARCHAR(255),"Open" VARCHAR(255),"High" VARCHAR(255),"Low" VARCHAR(255),"Close" VARCHAR(255),"Adj Close" VARCHAR(255),"Volume" VARCHAR(255))
10-28_19:50:37 DELETE FROM StockPrices WHERE ROWID IN (select StockPrices.ROWID from StockPrices inner join StockPricesRaw on StockPrices.Ticker = StockPricesRaw.Ticker and StockPrices.PriceDate = StockPricesRaw."Date") ;
10-28_19:50:37 INSERT INTO StockPrices (Ticker,PriceDate,Open,High,Low,Close,"Adj Close",Volume) select raw.Ticker, raw."Date", raw.Open,raw.High,raw.Low,raw.Close, raw."Adj Close", raw.Volume from StockPricesRaw raw left outer join StockPrices sp on raw.Ticker = sp.Ticker and raw."Date" = sp.PriceDate where sp.PriceDate is NULL;
10-28_19:50:37 File [C:\Data\Dev\Java\StockPriceDownloader\Data\GOOG.csv] Upload success! Time taken =1.24 seconds.
10-28_19:50:37 Starting load [C:\Data\Dev\Java\StockPriceDownloader\Data\V.csv],
10-28_19:50:37 CREATE TABLE IF NOT EXISTS StockPricesRaw ("Ticker" VARCHAR(255),"Date" VARCHAR(255),"Open" VARCHAR(255),"High" VARCHAR(255),"Low" VARCHAR(255),"Close" VARCHAR(255),"Adj Close" VARCHAR(255),"Volume" VARCHAR(255))
10-28_19:50:39 DELETE FROM StockPrices WHERE ROWID IN (select StockPrices.ROWID from StockPrices inner join StockPricesRaw on StockPrices.Ticker = StockPricesRaw.Ticker and StockPrices.PriceDate = StockPricesRaw."Date") ;
10-28_19:50:39 INSERT INTO StockPrices (Ticker,PriceDate,Open,High,Low,Close,"Adj Close",Volume) select raw.Ticker, raw."Date", raw.Open,raw.High,raw.Low,raw.Close, raw."Adj Close", raw.Volume from StockPricesRaw raw left outer join StockPrices sp on raw.Ticker = sp.Ticker and raw."Date" = sp.PriceDate where sp.PriceDate is NULL;
10-28_19:50:39 File [C:\Data\Dev\Java\StockPriceDownloader\Data\V.csv] Upload success! Time taken =1.90 seconds.
10-28_19:50:39 Starting load [C:\Data\Dev\Java\StockPriceDownloader\Data\MA.csv],
10-28_19:50:39 CREATE TABLE IF NOT EXISTS StockPricesRaw ("Ticker" VARCHAR(255),"Date" VARCHAR(255),"Open" VARCHAR(255),"High" VARCHAR(255),"Low" VARCHAR(255),"Close" VARCHAR(255),"Adj Close" VARCHAR(255),"Volume" VARCHAR(255))
10-28_19:50:40 DELETE FROM StockPrices WHERE ROWID IN (select StockPrices.ROWID from StockPrices inner join StockPricesRaw on StockPrices.Ticker = StockPricesRaw.Ticker and StockPrices.PriceDate = StockPricesRaw."Date") ;
10-28_19:50:40 INSERT INTO StockPrices (Ticker,PriceDate,Open,High,Low,Close,"Adj Close",Volume) select raw.Ticker, raw."Date", raw.Open,raw.High,raw.Low,raw.Close, raw."Adj Close", raw.Volume from StockPricesRaw raw left outer join StockPrices sp on raw.Ticker = sp.Ticker and raw."Date" = sp.PriceDate where sp.PriceDate is NULL;
10-28_19:50:40 File [C:\Data\Dev\Java\StockPriceDownloader\Data\MA.csv] Upload success! Time taken =1.24 seconds.
10-28_19:50:40 Starting load [C:\Data\Dev\Java\StockPriceDownloader\Data\WMT.csv],
10-28_19:50:40 CREATE TABLE IF NOT EXISTS StockPricesRaw ("Ticker" VARCHAR(255),"Date" VARCHAR(255),"Open" VARCHAR(255),"High" VARCHAR(255),"Low" VARCHAR(255),"Close" VARCHAR(255),"Adj Close" VARCHAR(255),"Volume" VARCHAR(255))
10-28_19:50:42 DELETE FROM StockPrices WHERE ROWID IN (select StockPrices.ROWID from StockPrices inner join StockPricesRaw on StockPrices.Ticker = StockPricesRaw.Ticker and StockPrices.PriceDate = StockPricesRaw."Date") ;
10-28_19:50:42 INSERT INTO StockPrices (Ticker,PriceDate,Open,High,Low,Close,"Adj Close",Volume) select raw.Ticker, raw."Date", raw.Open,raw.High,raw.Low,raw.Close, raw."Adj Close", raw.Volume from StockPricesRaw raw left outer join StockPrices sp on raw.Ticker = sp.Ticker and raw."Date" = sp.PriceDate where sp.PriceDate is NULL;
10-28_19:50:42 File [C:\Data\Dev\Java\StockPriceDownloader\Data\WMT.csv] Upload success! Time taken =1.25 seconds.
10-28_19:50:42 Starting load [C:\Data\Dev\Java\StockPriceDownloader\Data\COST.csv],
10-28_19:50:42 CREATE TABLE IF NOT EXISTS StockPricesRaw ("Ticker" VARCHAR(255),"Date" VARCHAR(255),"Open" VARCHAR(255),"High" VARCHAR(255),"Low" VARCHAR(255),"Close" VARCHAR(255),"Adj Close" VARCHAR(255),"Volume" VARCHAR(255))
10-28_19:50:43 DELETE FROM StockPrices WHERE ROWID IN (select StockPrices.ROWID from StockPrices inner join StockPricesRaw on StockPrices.Ticker = StockPricesRaw.Ticker and StockPrices.PriceDate = StockPricesRaw."Date") ;
10-28_19:50:43 INSERT INTO StockPrices (Ticker,PriceDate,Open,High,Low,Close,"Adj Close",Volume) select raw.Ticker, raw."Date", raw.Open,raw.High,raw.Low,raw.Close, raw."Adj Close", raw.Volume from StockPricesRaw raw left outer join StockPrices sp on raw.Ticker = sp.Ticker and raw."Date" = sp.PriceDate where sp.PriceDate is NULL;
10-28_19:50:43 File [C:\Data\Dev\Java\StockPriceDownloader\Data\COST.csv] Upload success! Time taken =1.24 seconds.
10-28_19:50:43 Starting load [C:\Data\Dev\Java\StockPriceDownloader\Data\HD.csv],
10-28_19:50:43 CREATE TABLE IF NOT EXISTS StockPricesRaw ("Ticker" VARCHAR(255),"Date" VARCHAR(255),"Open" VARCHAR(255),"High" VARCHAR(255),"Low" VARCHAR(255),"Close" VARCHAR(255),"Adj Close" VARCHAR(255),"Volume" VARCHAR(255))
10-28_19:50:45 DELETE FROM StockPrices WHERE ROWID IN (select StockPrices.ROWID from StockPrices inner join StockPricesRaw on StockPrices.Ticker = StockPricesRaw.Ticker and StockPrices.PriceDate = StockPricesRaw."Date") ;
10-28_19:50:45 INSERT INTO StockPrices (Ticker,PriceDate,Open,High,Low,Close,"Adj Close",Volume) select raw.Ticker, raw."Date", raw.Open,raw.High,raw.Low,raw.Close, raw."Adj Close", raw.Volume from StockPricesRaw raw left outer join StockPrices sp on raw.Ticker = sp.Ticker and raw."Date" = sp.PriceDate where sp.PriceDate is NULL;
10-28_19:50:45 File [C:\Data\Dev\Java\StockPriceDownloader\Data\HD.csv] Upload success! Time taken =1.84 seconds.
10-28_19:50:45 Starting load [C:\Data\Dev\Java\StockPriceDownloader\Data\MCD.csv],
10-28_19:50:45 CREATE TABLE IF NOT EXISTS StockPricesRaw ("Ticker" VARCHAR(255),"Date" VARCHAR(255),"Open" VARCHAR(255),"High" VARCHAR(255),"Low" VARCHAR(255),"Close" VARCHAR(255),"Adj Close" VARCHAR(255),"Volume" VARCHAR(255))
10-28_19:50:46 DELETE FROM StockPrices WHERE ROWID IN (select StockPrices.ROWID from StockPrices inner join StockPricesRaw on StockPrices.Ticker = StockPricesRaw.Ticker and StockPrices.PriceDate = StockPricesRaw."Date") ;
10-28_19:50:46 INSERT INTO StockPrices (Ticker,PriceDate,Open,High,Low,Close,"Adj Close",Volume) select raw.Ticker, raw."Date", raw.Open,raw.High,raw.Low,raw.Close, raw."Adj Close", raw.Volume from StockPricesRaw raw left outer join StockPrices sp on raw.Ticker = sp.Ticker and raw."Date" = sp.PriceDate where sp.PriceDate is NULL;
10-28_19:50:46 File [C:\Data\Dev\Java\StockPriceDownloader\Data\MCD.csv] Upload success! Time taken =1.24 seconds.
10-28_19:50:46 Starting load [C:\Data\Dev\Java\StockPriceDownloader\Data\PG.csv],
10-28_19:50:46 CREATE TABLE IF NOT EXISTS StockPricesRaw ("Ticker" VARCHAR(255),"Date" VARCHAR(255),"Open" VARCHAR(255),"High" VARCHAR(255),"Low" VARCHAR(255),"Close" VARCHAR(255),"Adj Close" VARCHAR(255),"Volume" VARCHAR(255))
10-28_19:50:48 DELETE FROM StockPrices WHERE ROWID IN (select StockPrices.ROWID from StockPrices inner join StockPricesRaw on StockPrices.Ticker = StockPricesRaw.Ticker and StockPrices.PriceDate = StockPricesRaw."Date") ;
10-28_19:50:48 INSERT INTO StockPrices (Ticker,PriceDate,Open,High,Low,Close,"Adj Close",Volume) select raw.Ticker, raw."Date", raw.Open,raw.High,raw.Low,raw.Close, raw."Adj Close", raw.Volume from StockPricesRaw raw left outer join StockPrices sp on raw.Ticker = sp.Ticker and raw."Date" = sp.PriceDate where sp.PriceDate is NULL;
10-28_19:50:48 File [C:\Data\Dev\Java\StockPriceDownloader\Data\PG.csv] Upload success! Time taken =1.75 seconds.
10-28_19:50:48 Starting load [C:\Data\Dev\Java\StockPriceDownloader\Data\PEP.csv],
10-28_19:50:48 CREATE TABLE IF NOT EXISTS StockPricesRaw ("Ticker" VARCHAR(255),"Date" VARCHAR(255),"Open" VARCHAR(255),"High" VARCHAR(255),"Low" VARCHAR(255),"Close" VARCHAR(255),"Adj Close" VARCHAR(255),"Volume" VARCHAR(255))
10-28_19:50:49 DELETE FROM StockPrices WHERE ROWID IN (select StockPrices.ROWID from StockPrices inner join StockPricesRaw on StockPrices.Ticker = StockPricesRaw.Ticker and StockPrices.PriceDate = StockPricesRaw."Date") ;
10-28_19:50:49 INSERT INTO StockPrices (Ticker,PriceDate,Open,High,Low,Close,"Adj Close",Volume) select raw.Ticker, raw."Date", raw.Open,raw.High,raw.Low,raw.Close, raw."Adj Close", raw.Volume from StockPricesRaw raw left outer join StockPrices sp on raw.Ticker = sp.Ticker and raw."Date" = sp.PriceDate where sp.PriceDate is NULL;
10-28_19:50:49 File [C:\Data\Dev\Java\StockPriceDownloader\Data\PEP.csv] Upload success! Time taken =1.37 seconds.
10-28_19:50:49 Starting load [C:\Data\Dev\Java\StockPriceDownloader\Data\KO.csv],
10-28_19:50:49 CREATE TABLE IF NOT EXISTS StockPricesRaw ("Ticker" VARCHAR(255),"Date" VARCHAR(255),"Open" VARCHAR(255),"High" VARCHAR(255),"Low" VARCHAR(255),"Close" VARCHAR(255),"Adj Close" VARCHAR(255),"Volume" VARCHAR(255))
10-28_19:50:51 DELETE FROM StockPrices WHERE ROWID IN (select StockPrices.ROWID from StockPrices inner join StockPricesRaw on StockPrices.Ticker = StockPricesRaw.Ticker and StockPrices.PriceDate = StockPricesRaw."Date") ;
10-28_19:50:51 INSERT INTO StockPrices (Ticker,PriceDate,Open,High,Low,Close,"Adj Close",Volume) select raw.Ticker, raw."Date", raw.Open,raw.High,raw.Low,raw.Close, raw."Adj Close", raw.Volume from StockPricesRaw raw left outer join StockPrices sp on raw.Ticker = sp.Ticker and raw."Date" = sp.PriceDate where sp.PriceDate is NULL;
10-28_19:50:51 File [C:\Data\Dev\Java\StockPriceDownloader\Data\KO.csv] Upload success! Time taken =1.59 seconds.
10-28_19:50:51 Starting load [C:\Data\Dev\Java\StockPriceDownloader\Data\INTC.csv],
10-28_19:50:51 CREATE TABLE IF NOT EXISTS StockPricesRaw ("Ticker" VARCHAR(255),"Date" VARCHAR(255),"Open" VARCHAR(255),"High" VARCHAR(255),"Low" VARCHAR(255),"Close" VARCHAR(255),"Adj Close" VARCHAR(255),"Volume" VARCHAR(255))
10-28_19:50:52 DELETE FROM StockPrices WHERE ROWID IN (select StockPrices.ROWID from StockPrices inner join StockPricesRaw on StockPrices.Ticker = StockPricesRaw.Ticker and StockPrices.PriceDate = StockPricesRaw."Date") ;
10-28_19:50:52 INSERT INTO StockPrices (Ticker,PriceDate,Open,High,Low,Close,"Adj Close",Volume) select raw.Ticker, raw."Date", raw.Open,raw.High,raw.Low,raw.Close, raw."Adj Close", raw.Volume from StockPricesRaw raw left outer join StockPrices sp on raw.Ticker = sp.Ticker and raw."Date" = sp.PriceDate where sp.PriceDate is NULL;
10-28_19:50:52 File [C:\Data\Dev\Java\StockPriceDownloader\Data\INTC.csv] Upload success! Time taken =1.26 seconds.
10-28_19:50:52 Starting load [C:\Data\Dev\Java\StockPriceDownloader\Data\CRM.csv],
10-28_19:50:52 CREATE TABLE IF NOT EXISTS StockPricesRaw ("Ticker" VARCHAR(255),"Date" VARCHAR(255),"Open" VARCHAR(255),"High" VARCHAR(255),"Low" VARCHAR(255),"Close" VARCHAR(255),"Adj Close" VARCHAR(255),"Volume" VARCHAR(255))
10-28_19:50:53 DELETE FROM StockPrices WHERE ROWID IN (select StockPrices.ROWID from StockPrices inner join StockPricesRaw on StockPrices.Ticker = StockPricesRaw.Ticker and StockPrices.PriceDate = StockPricesRaw."Date") ;
10-28_19:50:53 INSERT INTO StockPrices (Ticker,PriceDate,Open,High,Low,Close,"Adj Close",Volume) select raw.Ticker, raw."Date", raw.Open,raw.High,raw.Low,raw.Close, raw."Adj Close", raw.Volume from StockPricesRaw raw left outer join StockPrices sp on raw.Ticker = sp.Ticker and raw."Date" = sp.PriceDate where sp.PriceDate is NULL;
10-28_19:50:53 File [C:\Data\Dev\Java\StockPriceDownloader\Data\CRM.csv] Upload success! Time taken =1.24 seconds.
10-28_19:50:53 Starting load [C:\Data\Dev\Java\StockPriceDownloader\Data\NFLX.csv],
10-28_19:50:53 CREATE TABLE IF NOT EXISTS StockPricesRaw ("Ticker" VARCHAR(255),"Date" VARCHAR(255),"Open" VARCHAR(255),"High" VARCHAR(255),"Low" VARCHAR(255),"Close" VARCHAR(255),"Adj Close" VARCHAR(255),"Volume" VARCHAR(255))
10-28_19:50:55 DELETE FROM StockPrices WHERE ROWID IN (select StockPrices.ROWID from StockPrices inner join StockPricesRaw on StockPrices.Ticker = StockPricesRaw.Ticker and StockPrices.PriceDate = StockPricesRaw."Date") ;
10-28_19:50:55 INSERT INTO StockPrices (Ticker,PriceDate,Open,High,Low,Close,"Adj Close",Volume) select raw.Ticker, raw."Date", raw.Open,raw.High,raw.Low,raw.Close, raw."Adj Close", raw.Volume from StockPricesRaw raw left outer join StockPrices sp on raw.Ticker = sp.Ticker and raw."Date" = sp.PriceDate where sp.PriceDate is NULL;
10-28_19:50:55 File [C:\Data\Dev\Java\StockPriceDownloader\Data\NFLX.csv] Upload success! Time taken =1.83 seconds.
10-28_19:50:55 Starting load [C:\Data\Dev\Java\StockPriceDownloader\Data\CMCSA.csv],
10-28_19:50:55 CREATE TABLE IF NOT EXISTS StockPricesRaw ("Ticker" VARCHAR(255),"Date" VARCHAR(255),"Open" VARCHAR(255),"High" VARCHAR(255),"Low" VARCHAR(255),"Close" VARCHAR(255),"Adj Close" VARCHAR(255),"Volume" VARCHAR(255))
10-28_19:50:58 DELETE FROM StockPrices WHERE ROWID IN (select StockPrices.ROWID from StockPrices inner join StockPricesRaw on StockPrices.Ticker = StockPricesRaw.Ticker and StockPrices.PriceDate = StockPricesRaw."Date") ;
10-28_19:50:58 INSERT INTO StockPrices (Ticker,PriceDate,Open,High,Low,Close,"Adj Close",Volume) select raw.Ticker, raw."Date", raw.Open,raw.High,raw.Low,raw.Close, raw."Adj Close", raw.Volume from StockPricesRaw raw left outer join StockPrices sp on raw.Ticker = sp.Ticker and raw."Date" = sp.PriceDate where sp.PriceDate is NULL;
10-28_19:50:58 File [C:\Data\Dev\Java\StockPriceDownloader\Data\CMCSA.csv] Upload success! Time taken =2.69 seconds.
10-28_19:50:58 Starting load [C:\Data\Dev\Java\StockPriceDownloader\Data\ABBV.csv],
10-28_19:50:58 CREATE TABLE IF NOT EXISTS StockPricesRaw ("Ticker" VARCHAR(255),"Date" VARCHAR(255),"Open" VARCHAR(255),"High" VARCHAR(255),"Low" VARCHAR(255),"Close" VARCHAR(255),"Adj Close" VARCHAR(255),"Volume" VARCHAR(255))
10-28_19:51:00 DELETE FROM StockPrices WHERE ROWID IN (select StockPrices.ROWID from StockPrices inner join StockPricesRaw on StockPrices.Ticker = StockPricesRaw.Ticker and StockPrices.PriceDate = StockPricesRaw."Date") ;
10-28_19:51:00 INSERT INTO StockPrices (Ticker,PriceDate,Open,High,Low,Close,"Adj Close",Volume) select raw.Ticker, raw."Date", raw.Open,raw.High,raw.Low,raw.Close, raw."Adj Close", raw.Volume from StockPricesRaw raw left outer join StockPrices sp on raw.Ticker = sp.Ticker and raw."Date" = sp.PriceDate where sp.PriceDate is NULL;
10-28_19:51:00 File [C:\Data\Dev\Java\StockPriceDownloader\Data\ABBV.csv] Upload success! Time taken =1.96 seconds.
10-28_19:51:00 Starting load [C:\Data\Dev\Java\StockPriceDownloader\Data\TXN.csv],
10-28_19:51:00 CREATE TABLE IF NOT EXISTS StockPricesRaw ("Ticker" VARCHAR(255),"Date" VARCHAR(255),"Open" VARCHAR(255),"High" VARCHAR(255),"Low" VARCHAR(255),"Close" VARCHAR(255),"Adj Close" VARCHAR(255),"Volume" VARCHAR(255))
10-28_19:51:01 DELETE FROM StockPrices WHERE ROWID IN (select StockPrices.ROWID from StockPrices inner join StockPricesRaw on StockPrices.Ticker = StockPricesRaw.Ticker and StockPrices.PriceDate = StockPricesRaw."Date") ;
10-28_19:51:01 INSERT INTO StockPrices (Ticker,PriceDate,Open,High,Low,Close,"Adj Close",Volume) select raw.Ticker, raw."Date", raw.Open,raw.High,raw.Low,raw.Close, raw."Adj Close", raw.Volume from StockPricesRaw raw left outer join StockPrices sp on raw.Ticker = sp.Ticker and raw."Date" = sp.PriceDate where sp.PriceDate is NULL;
10-28_19:51:01 File [C:\Data\Dev\Java\StockPriceDownloader\Data\TXN.csv] Upload success! Time taken =1.75 seconds.
10-28_19:51:01 Starting load [C:\Data\Dev\Java\StockPriceDownloader\Data\ADBE.csv],
10-28_19:51:01 CREATE TABLE IF NOT EXISTS StockPricesRaw ("Ticker" VARCHAR(255),"Date" VARCHAR(255),"Open" VARCHAR(255),"High" VARCHAR(255),"Low" VARCHAR(255),"Close" VARCHAR(255),"Adj Close" VARCHAR(255),"Volume" VARCHAR(255))
10-28_19:51:03 DELETE FROM StockPrices WHERE ROWID IN (select StockPrices.ROWID from StockPrices inner join StockPricesRaw on StockPrices.Ticker = StockPricesRaw.Ticker and StockPrices.PriceDate = StockPricesRaw."Date") ;
10-28_19:51:03 INSERT INTO StockPrices (Ticker,PriceDate,Open,High,Low,Close,"Adj Close",Volume) select raw.Ticker, raw."Date", raw.Open,raw.High,raw.Low,raw.Close, raw."Adj Close", raw.Volume from StockPricesRaw raw left outer join StockPrices sp on raw.Ticker = sp.Ticker and raw."Date" = sp.PriceDate where sp.PriceDate is NULL;
10-28_19:51:03 File [C:\Data\Dev\Java\StockPriceDownloader\Data\ADBE.csv] Upload success! Time taken =1.35 seconds.
10-28_19:51:03 Starting load [C:\Data\Dev\Java\StockPriceDownloader\Data\MRK.csv],
10-28_19:51:03 CREATE TABLE IF NOT EXISTS StockPricesRaw ("Ticker" VARCHAR(255),"Date" VARCHAR(255),"Open" VARCHAR(255),"High" VARCHAR(255),"Low" VARCHAR(255),"Close" VARCHAR(255),"Adj Close" VARCHAR(255),"Volume" VARCHAR(255))
10-28_19:51:04 DELETE FROM StockPrices WHERE ROWID IN (select StockPrices.ROWID from StockPrices inner join StockPricesRaw on StockPrices.Ticker = StockPricesRaw.Ticker and StockPrices.PriceDate = StockPricesRaw."Date") ;
10-28_19:51:04 INSERT INTO StockPrices (Ticker,PriceDate,Open,High,Low,Close,"Adj Close",Volume) select raw.Ticker, raw."Date", raw.Open,raw.High,raw.Low,raw.Close, raw."Adj Close", raw.Volume from StockPricesRaw raw left outer join StockPrices sp on raw.Ticker = sp.Ticker and raw."Date" = sp.PriceDate where sp.PriceDate is NULL;
10-28_19:51:04 File [C:\Data\Dev\Java\StockPriceDownloader\Data\MRK.csv] Upload success! Time taken =1.24 seconds.
10-28_19:51:04 Starting load [C:\Data\Dev\Java\StockPriceDownloader\Data\QCOM.csv],
10-28_19:51:04 CREATE TABLE IF NOT EXISTS StockPricesRaw ("Ticker" VARCHAR(255),"Date" VARCHAR(255),"Open" VARCHAR(255),"High" VARCHAR(255),"Low" VARCHAR(255),"Close" VARCHAR(255),"Adj Close" VARCHAR(255),"Volume" VARCHAR(255))
10-28_19:51:05 DELETE FROM StockPrices WHERE ROWID IN (select StockPrices.ROWID from StockPrices inner join StockPricesRaw on StockPrices.Ticker = StockPricesRaw.Ticker and StockPrices.PriceDate = StockPricesRaw."Date") ;
10-28_19:51:05 INSERT INTO StockPrices (Ticker,PriceDate,Open,High,Low,Close,"Adj Close",Volume) select raw.Ticker, raw."Date", raw.Open,raw.High,raw.Low,raw.Close, raw."Adj Close", raw.Volume from StockPricesRaw raw left outer join StockPrices sp on raw.Ticker = sp.Ticker and raw."Date" = sp.PriceDate where sp.PriceDate is NULL;
10-28_19:51:05 File [C:\Data\Dev\Java\StockPriceDownloader\Data\QCOM.csv] Upload success! Time taken =1.24 seconds.
10-28_19:51:05 Starting load [C:\Data\Dev\Java\StockPriceDownloader\Data\AMD.csv],
10-28_19:51:05 CREATE TABLE IF NOT EXISTS StockPricesRaw ("Ticker" VARCHAR(255),"Date" VARCHAR(255),"Open" VARCHAR(255),"High" VARCHAR(255),"Low" VARCHAR(255),"Close" VARCHAR(255),"Adj Close" VARCHAR(255),"Volume" VARCHAR(255))
10-28_19:51:07 DELETE FROM StockPrices WHERE ROWID IN (select StockPrices.ROWID from StockPrices inner join StockPricesRaw on StockPrices.Ticker = StockPricesRaw.Ticker and StockPrices.PriceDate = StockPricesRaw."Date") ;
10-28_19:51:07 INSERT INTO StockPrices (Ticker,PriceDate,Open,High,Low,Close,"Adj Close",Volume) select raw.Ticker, raw."Date", raw.Open,raw.High,raw.Low,raw.Close, raw."Adj Close", raw.Volume from StockPricesRaw raw left outer join StockPrices sp on raw.Ticker = sp.Ticker and raw."Date" = sp.PriceDate where sp.PriceDate is NULL;
10-28_19:51:07 File [C:\Data\Dev\Java\StockPriceDownloader\Data\AMD.csv] Upload success! Time taken =1.90 seconds.
10-28_19:51:07 Starting load [C:\Data\Dev\Java\StockPriceDownloader\Data\TMO.csv],
10-28_19:51:07 CREATE TABLE IF NOT EXISTS StockPricesRaw ("Ticker" VARCHAR(255),"Date" VARCHAR(255),"Open" VARCHAR(255),"High" VARCHAR(255),"Low" VARCHAR(255),"Close" VARCHAR(255),"Adj Close" VARCHAR(255),"Volume" VARCHAR(255))
10-28_19:51:08 DELETE FROM StockPrices WHERE ROWID IN (select StockPrices.ROWID from StockPrices inner join StockPricesRaw on StockPrices.Ticker = StockPricesRaw.Ticker and StockPrices.PriceDate = StockPricesRaw."Date") ;
10-28_19:51:09 INSERT INTO StockPrices (Ticker,PriceDate,Open,High,Low,Close,"Adj Close",Volume) select raw.Ticker, raw."Date", raw.Open,raw.High,raw.Low,raw.Close, raw."Adj Close", raw.Volume from StockPricesRaw raw left outer join StockPrices sp on raw.Ticker = sp.Ticker and raw."Date" = sp.PriceDate where sp.PriceDate is NULL;
10-28_19:51:09 File [C:\Data\Dev\Java\StockPriceDownloader\Data\TMO.csv] Upload success! Time taken =1.42 seconds.
10-28_19:51:09 Starting load [C:\Data\Dev\Java\StockPriceDownloader\Data\ADP.csv],
10-28_19:51:09 CREATE TABLE IF NOT EXISTS StockPricesRaw ("Ticker" VARCHAR(255),"Date" VARCHAR(255),"Open" VARCHAR(255),"High" VARCHAR(255),"Low" VARCHAR(255),"Close" VARCHAR(255),"Adj Close" VARCHAR(255),"Volume" VARCHAR(255))
10-28_19:51:10 DELETE FROM StockPrices WHERE ROWID IN (select StockPrices.ROWID from StockPrices inner join StockPricesRaw on StockPrices.Ticker = StockPricesRaw.Ticker and StockPrices.PriceDate = StockPricesRaw."Date") ;
10-28_19:51:10 INSERT INTO StockPrices (Ticker,PriceDate,Open,High,Low,Close,"Adj Close",Volume) select raw.Ticker, raw."Date", raw.Open,raw.High,raw.Low,raw.Close, raw."Adj Close", raw.Volume from StockPricesRaw raw left outer join StockPrices sp on raw.Ticker = sp.Ticker and raw."Date" = sp.PriceDate where sp.PriceDate is NULL;
10-28_19:51:10 File [C:\Data\Dev\Java\StockPriceDownloader\Data\ADP.csv] Upload success! Time taken =1.26 seconds.
10-28_19:51:10 Starting load [C:\Data\Dev\Java\StockPriceDownloader\Data\PYPL.csv],
10-28_19:51:10 CREATE TABLE IF NOT EXISTS StockPricesRaw ("Ticker" VARCHAR(255),"Date" VARCHAR(255),"Open" VARCHAR(255),"High" VARCHAR(255),"Low" VARCHAR(255),"Close" VARCHAR(255),"Adj Close" VARCHAR(255),"Volume" VARCHAR(255))
10-28_19:51:11 DELETE FROM StockPrices WHERE ROWID IN (select StockPrices.ROWID from StockPrices inner join StockPricesRaw on StockPrices.Ticker = StockPricesRaw.Ticker and StockPrices.PriceDate = StockPricesRaw."Date") ;
10-28_19:51:11 INSERT INTO StockPrices (Ticker,PriceDate,Open,High,Low,Close,"Adj Close",Volume) select raw.Ticker, raw."Date", raw.Open,raw.High,raw.Low,raw.Close, raw."Adj Close", raw.Volume from StockPricesRaw raw left outer join StockPrices sp on raw.Ticker = sp.Ticker and raw."Date" = sp.PriceDate where sp.PriceDate is NULL;
10-28_19:51:11 File [C:\Data\Dev\Java\StockPriceDownloader\Data\PYPL.csv] Upload success! Time taken =1.24 seconds.
10-28_19:51:11 Starting load [C:\Data\Dev\Java\StockPriceDownloader\Data\LLY.csv],
10-28_19:51:11 CREATE TABLE IF NOT EXISTS StockPricesRaw ("Ticker" VARCHAR(255),"Date" VARCHAR(255),"Open" VARCHAR(255),"High" VARCHAR(255),"Low" VARCHAR(255),"Close" VARCHAR(255),"Adj Close" VARCHAR(255),"Volume" VARCHAR(255))
10-28_19:51:13 DELETE FROM StockPrices WHERE ROWID IN (select StockPrices.ROWID from StockPrices inner join StockPricesRaw on StockPrices.Ticker = StockPricesRaw.Ticker and StockPrices.PriceDate = StockPricesRaw."Date") ;
10-28_19:51:13 INSERT INTO StockPrices (Ticker,PriceDate,Open,High,Low,Close,"Adj Close",Volume) select raw.Ticker, raw."Date", raw.Open,raw.High,raw.Low,raw.Close, raw."Adj Close", raw.Volume from StockPricesRaw raw left outer join StockPrices sp on raw.Ticker = sp.Ticker and raw."Date" = sp.PriceDate where sp.PriceDate is NULL;
10-28_19:51:13 File [C:\Data\Dev\Java\StockPriceDownloader\Data\LLY.csv] Upload success! Time taken =2.01 seconds.
10-28_19:51:13 Starting load [C:\Data\Dev\Java\StockPriceDownloader\Data\CVX.csv],
10-28_19:51:13 CREATE TABLE IF NOT EXISTS StockPricesRaw ("Ticker" VARCHAR(255),"Date" VARCHAR(255),"Open" VARCHAR(255),"High" VARCHAR(255),"Low" VARCHAR(255),"Close" VARCHAR(255),"Adj Close" VARCHAR(255),"Volume" VARCHAR(255))
10-28_19:51:14 DELETE FROM StockPrices WHERE ROWID IN (select StockPrices.ROWID from StockPrices inner join StockPricesRaw on StockPrices.Ticker = StockPricesRaw.Ticker and StockPrices.PriceDate = StockPricesRaw."Date") ;
10-28_19:51:14 INSERT INTO StockPrices (Ticker,PriceDate,Open,High,Low,Close,"Adj Close",Volume) select raw.Ticker, raw."Date", raw.Open,raw.High,raw.Low,raw.Close, raw."Adj Close", raw.Volume from StockPricesRaw raw left outer join StockPrices sp on raw.Ticker = sp.Ticker and raw."Date" = sp.PriceDate where sp.PriceDate is NULL;
10-28_19:51:14 File [C:\Data\Dev\Java\StockPriceDownloader\Data\CVX.csv] Upload success! Time taken =1.43 seconds.
10-28_19:51:14 Starting load [C:\Data\Dev\Java\StockPriceDownloader\Data\XOM.csv],
10-28_19:51:14 CREATE TABLE IF NOT EXISTS StockPricesRaw ("Ticker" VARCHAR(255),"Date" VARCHAR(255),"Open" VARCHAR(255),"High" VARCHAR(255),"Low" VARCHAR(255),"Close" VARCHAR(255),"Adj Close" VARCHAR(255),"Volume" VARCHAR(255))
10-28_19:51:16 DELETE FROM StockPrices WHERE ROWID IN (select StockPrices.ROWID from StockPrices inner join StockPricesRaw on StockPrices.Ticker = StockPricesRaw.Ticker and StockPrices.PriceDate = StockPricesRaw."Date") ;
10-28_19:51:16 INSERT INTO StockPrices (Ticker,PriceDate,Open,High,Low,Close,"Adj Close",Volume) select raw.Ticker, raw."Date", raw.Open,raw.High,raw.Low,raw.Close, raw."Adj Close", raw.Volume from StockPricesRaw raw left outer join StockPrices sp on raw.Ticker = sp.Ticker and raw."Date" = sp.PriceDate where sp.PriceDate is NULL;
10-28_19:51:16 File [C:\Data\Dev\Java\StockPriceDownloader\Data\XOM.csv] Upload success! Time taken =1.29 seconds.
10-28_19:51:16 Starting load [C:\Data\Dev\Java\StockPriceDownloader\Data\MDLZ.csv],
10-28_19:51:16 CREATE TABLE IF NOT EXISTS StockPricesRaw ("Ticker" VARCHAR(255),"Date" VARCHAR(255),"Open" VARCHAR(255),"High" VARCHAR(255),"Low" VARCHAR(255),"Close" VARCHAR(255),"Adj Close" VARCHAR(255),"Volume" VARCHAR(255))
10-28_19:51:18 DELETE FROM StockPrices WHERE ROWID IN (select StockPrices.ROWID from StockPrices inner join StockPricesRaw on StockPrices.Ticker = StockPricesRaw.Ticker and StockPrices.PriceDate = StockPricesRaw."Date") ;
10-28_19:51:18 INSERT INTO StockPrices (Ticker,PriceDate,Open,High,Low,Close,"Adj Close",Volume) select raw.Ticker, raw."Date", raw.Open,raw.High,raw.Low,raw.Close, raw."Adj Close", raw.Volume from StockPricesRaw raw left outer join StockPrices sp on raw.Ticker = sp.Ticker and raw."Date" = sp.PriceDate where sp.PriceDate is NULL;
10-28_19:51:18 File [C:\Data\Dev\Java\StockPriceDownloader\Data\MDLZ.csv] Upload success! Time taken =1.82 seconds.
10-28_19:51:18 Starting load [C:\Data\Dev\Java\StockPriceDownloader\Data\DIS.csv],
10-28_19:51:18 CREATE TABLE IF NOT EXISTS StockPricesRaw ("Ticker" VARCHAR(255),"Date" VARCHAR(255),"Open" VARCHAR(255),"High" VARCHAR(255),"Low" VARCHAR(255),"Close" VARCHAR(255),"Adj Close" VARCHAR(255),"Volume" VARCHAR(255))
10-28_19:51:19 DELETE FROM StockPrices WHERE ROWID IN (select StockPrices.ROWID from StockPrices inner join StockPricesRaw on StockPrices.Ticker = StockPricesRaw.Ticker and StockPrices.PriceDate = StockPricesRaw."Date") ;
10-28_19:51:19 INSERT INTO StockPrices (Ticker,PriceDate,Open,High,Low,Close,"Adj Close",Volume) select raw.Ticker, raw."Date", raw.Open,raw.High,raw.Low,raw.Close, raw."Adj Close", raw.Volume from StockPricesRaw raw left outer join StockPrices sp on raw.Ticker = sp.Ticker and raw."Date" = sp.PriceDate where sp.PriceDate is NULL;
10-28_19:51:19 File [C:\Data\Dev\Java\StockPriceDownloader\Data\DIS.csv] Upload success! Time taken =1.27 seconds.
10-28_19:51:19 Starting load [C:\Data\Dev\Java\StockPriceDownloader\Data\IBM.csv],
10-28_19:51:19 CREATE TABLE IF NOT EXISTS StockPricesRaw ("Ticker" VARCHAR(255),"Date" VARCHAR(255),"Open" VARCHAR(255),"High" VARCHAR(255),"Low" VARCHAR(255),"Close" VARCHAR(255),"Adj Close" VARCHAR(255),"Volume" VARCHAR(255))
10-28_19:51:20 DELETE FROM StockPrices WHERE ROWID IN (select StockPrices.ROWID from StockPrices inner join StockPricesRaw on StockPrices.Ticker = StockPricesRaw.Ticker and StockPrices.PriceDate = StockPricesRaw."Date") ;
10-28_19:51:20 INSERT INTO StockPrices (Ticker,PriceDate,Open,High,Low,Close,"Adj Close",Volume) select raw.Ticker, raw."Date", raw.Open,raw.High,raw.Low,raw.Close, raw."Adj Close", raw.Volume from StockPricesRaw raw left outer join StockPrices sp on raw.Ticker = sp.Ticker and raw."Date" = sp.PriceDate where sp.PriceDate is NULL;
10-28_19:51:20 File [C:\Data\Dev\Java\StockPriceDownloader\Data\IBM.csv] Upload success! Time taken =1.27 seconds.
10-28_19:51:20 Starting load [C:\Data\Dev\Java\StockPriceDownloader\Data\FISV.VI.csv],
10-28_19:51:20 CREATE TABLE IF NOT EXISTS StockPricesRaw ("Ticker" VARCHAR(255),"Date" VARCHAR(255),"Open" VARCHAR(255),"High" VARCHAR(255),"Low" VARCHAR(255),"Close" VARCHAR(255),"Adj Close" VARCHAR(255),"Volume" VARCHAR(255))
10-28_19:51:21 DELETE FROM StockPrices WHERE ROWID IN (select StockPrices.ROWID from StockPrices inner join StockPricesRaw on StockPrices.Ticker = StockPricesRaw.Ticker and StockPrices.PriceDate = StockPricesRaw."Date") ;
10-28_19:51:21 INSERT INTO StockPrices (Ticker,PriceDate,Open,High,Low,Close,"Adj Close",Volume) select raw.Ticker, raw."Date", raw.Open,raw.High,raw.Low,raw.Close, raw."Adj Close", raw.Volume from StockPricesRaw raw left outer join StockPrices sp on raw.Ticker = sp.Ticker and raw."Date" = sp.PriceDate where sp.PriceDate is NULL;
10-28_19:51:21 File [C:\Data\Dev\Java\StockPriceDownloader\Data\FISV.VI.csv] Upload success! Time taken =1.31 seconds.
10-28_19:51:21 Starting load [C:\Data\Dev\Java\StockPriceDownloader\Data\BKNG.csv],
10-28_19:51:21 CREATE TABLE IF NOT EXISTS StockPricesRaw ("Ticker" VARCHAR(255),"Date" VARCHAR(255),"Open" VARCHAR(255),"High" VARCHAR(255),"Low" VARCHAR(255),"Close" VARCHAR(255),"Adj Close" VARCHAR(255),"Volume" VARCHAR(255))
10-28_19:51:23 DELETE FROM StockPrices WHERE ROWID IN (select StockPrices.ROWID from StockPrices inner join StockPricesRaw on StockPrices.Ticker = StockPricesRaw.Ticker and StockPrices.PriceDate = StockPricesRaw."Date") ;
10-28_19:51:23 INSERT INTO StockPrices (Ticker,PriceDate,Open,High,Low,Close,"Adj Close",Volume) select raw.Ticker, raw."Date", raw.Open,raw.High,raw.Low,raw.Close, raw."Adj Close", raw.Volume from StockPricesRaw raw left outer join StockPrices sp on raw.Ticker = sp.Ticker and raw."Date" = sp.PriceDate where sp.PriceDate is NULL;
10-28_19:51:23 File [C:\Data\Dev\Java\StockPriceDownloader\Data\BKNG.csv] Upload success! Time taken =1.87 seconds.
10-28_19:51:23 Starting load [C:\Data\Dev\Java\StockPriceDownloader\Data\LMT.csv],
10-28_19:51:23 CREATE TABLE IF NOT EXISTS StockPricesRaw ("Ticker" VARCHAR(255),"Date" VARCHAR(255),"Open" VARCHAR(255),"High" VARCHAR(255),"Low" VARCHAR(255),"Close" VARCHAR(255),"Adj Close" VARCHAR(255),"Volume" VARCHAR(255))
10-28_19:51:25 DELETE FROM StockPrices WHERE ROWID IN (select StockPrices.ROWID from StockPrices inner join StockPricesRaw on StockPrices.Ticker = StockPricesRaw.Ticker and StockPrices.PriceDate = StockPricesRaw."Date") ;
10-28_19:51:25 INSERT INTO StockPrices (Ticker,PriceDate,Open,High,Low,Close,"Adj Close",Volume) select raw.Ticker, raw."Date", raw.Open,raw.High,raw.Low,raw.Close, raw."Adj Close", raw.Volume from StockPricesRaw raw left outer join StockPrices sp on raw.Ticker = sp.Ticker and raw."Date" = sp.PriceDate where sp.PriceDate is NULL;
10-28_19:51:25 File [C:\Data\Dev\Java\StockPriceDownloader\Data\LMT.csv] Upload success! Time taken =1.33 seconds.
10-28_19:51:25 Starting load [C:\Data\Dev\Java\StockPriceDownloader\Data\NKE.csv],
10-28_19:51:25 CREATE TABLE IF NOT EXISTS StockPricesRaw ("Ticker" VARCHAR(255),"Date" VARCHAR(255),"Open" VARCHAR(255),"High" VARCHAR(255),"Low" VARCHAR(255),"Close" VARCHAR(255),"Adj Close" VARCHAR(255),"Volume" VARCHAR(255))
10-28_19:51:26 DELETE FROM StockPrices WHERE ROWID IN (select StockPrices.ROWID from StockPrices inner join StockPricesRaw on StockPrices.Ticker = StockPricesRaw.Ticker and StockPrices.PriceDate = StockPricesRaw."Date") ;
10-28_19:51:26 INSERT INTO StockPrices (Ticker,PriceDate,Open,High,Low,Close,"Adj Close",Volume) select raw.Ticker, raw."Date", raw.Open,raw.High,raw.Low,raw.Close, raw."Adj Close", raw.Volume from StockPricesRaw raw left outer join StockPrices sp on raw.Ticker = sp.Ticker and raw."Date" = sp.PriceDate where sp.PriceDate is NULL;
10-28_19:51:26 File [C:\Data\Dev\Java\StockPriceDownloader\Data\NKE.csv] Upload success! Time taken =1.25 seconds.
10-28_19:51:26 Starting load [C:\Data\Dev\Java\StockPriceDownloader\Data\UNP.csv],
10-28_19:51:26 CREATE TABLE IF NOT EXISTS StockPricesRaw ("Ticker" VARCHAR(255),"Date" VARCHAR(255),"Open" VARCHAR(255),"High" VARCHAR(255),"Low" VARCHAR(255),"Close" VARCHAR(255),"Adj Close" VARCHAR(255),"Volume" VARCHAR(255))
10-28_19:51:27 DELETE FROM StockPrices WHERE ROWID IN (select StockPrices.ROWID from StockPrices inner join StockPricesRaw on StockPrices.Ticker = StockPricesRaw.Ticker and StockPrices.PriceDate = StockPricesRaw."Date") ;
10-28_19:51:27 INSERT INTO StockPrices (Ticker,PriceDate,Open,High,Low,Close,"Adj Close",Volume) select raw.Ticker, raw."Date", raw.Open,raw.High,raw.Low,raw.Close, raw."Adj Close", raw.Volume from StockPricesRaw raw left outer join StockPrices sp on raw.Ticker = sp.Ticker and raw."Date" = sp.PriceDate where sp.PriceDate is NULL;
10-28_19:51:27 File [C:\Data\Dev\Java\StockPriceDownloader\Data\UNP.csv] Upload success! Time taken =1.23 seconds.
10-28_19:51:27 Starting load [C:\Data\Dev\Java\StockPriceDownloader\Data\DHR.csv],
10-28_19:51:27 CREATE TABLE IF NOT EXISTS StockPricesRaw ("Ticker" VARCHAR(255),"Date" VARCHAR(255),"Open" VARCHAR(255),"High" VARCHAR(255),"Low" VARCHAR(255),"Close" VARCHAR(255),"Adj Close" VARCHAR(255),"Volume" VARCHAR(255))
10-28_19:51:29 DELETE FROM StockPrices WHERE ROWID IN (select StockPrices.ROWID from StockPrices inner join StockPricesRaw on StockPrices.Ticker = StockPricesRaw.Ticker and StockPrices.PriceDate = StockPricesRaw."Date") ;
10-28_19:51:29 INSERT INTO StockPrices (Ticker,PriceDate,Open,High,Low,Close,"Adj Close",Volume) select raw.Ticker, raw."Date", raw.Open,raw.High,raw.Low,raw.Close, raw."Adj Close", raw.Volume from StockPricesRaw raw left outer join StockPrices sp on raw.Ticker = sp.Ticker and raw."Date" = sp.PriceDate where sp.PriceDate is NULL;
10-28_19:51:29 File [C:\Data\Dev\Java\StockPriceDownloader\Data\DHR.csv] Upload success! Time taken =1.89 seconds.
10-28_19:51:29 Starting load [C:\Data\Dev\Java\StockPriceDownloader\Data\DOW.csv],
10-28_19:51:29 CREATE TABLE IF NOT EXISTS StockPricesRaw ("Ticker" VARCHAR(255),"Date" VARCHAR(255),"Open" VARCHAR(255),"High" VARCHAR(255),"Low" VARCHAR(255),"Close" VARCHAR(255),"Adj Close" VARCHAR(255),"Volume" VARCHAR(255))
10-28_19:51:30 DELETE FROM StockPrices WHERE ROWID IN (select StockPrices.ROWID from StockPrices inner join StockPricesRaw on StockPrices.Ticker = StockPricesRaw.Ticker and StockPrices.PriceDate = StockPricesRaw."Date") ;
10-28_19:51:30 INSERT INTO StockPrices (Ticker,PriceDate,Open,High,Low,Close,"Adj Close",Volume) select raw.Ticker, raw."Date", raw.Open,raw.High,raw.Low,raw.Close, raw."Adj Close", raw.Volume from StockPricesRaw raw left outer join StockPrices sp on raw.Ticker = sp.Ticker and raw."Date" = sp.PriceDate where sp.PriceDate is NULL;
10-28_19:51:30 File [C:\Data\Dev\Java\StockPriceDownloader\Data\DOW.csv] Upload success! Time taken =1.25 seconds.
10-28_19:51:30 Starting load [C:\Data\Dev\Java\StockPriceDownloader\Data\JPM.csv],
10-28_19:51:30 CREATE TABLE IF NOT EXISTS StockPricesRaw ("Ticker" VARCHAR(255),"Date" VARCHAR(255),"Open" VARCHAR(255),"High" VARCHAR(255),"Low" VARCHAR(255),"Close" VARCHAR(255),"Adj Close" VARCHAR(255),"Volume" VARCHAR(255))
10-28_19:51:31 DELETE FROM StockPrices WHERE ROWID IN (select StockPrices.ROWID from StockPrices inner join StockPricesRaw on StockPrices.Ticker = StockPricesRaw.Ticker and StockPrices.PriceDate = StockPricesRaw."Date") ;
10-28_19:51:31 INSERT INTO StockPrices (Ticker,PriceDate,Open,High,Low,Close,"Adj Close",Volume) select raw.Ticker, raw."Date", raw.Open,raw.High,raw.Low,raw.Close, raw."Adj Close", raw.Volume from StockPricesRaw raw left outer join StockPrices sp on raw.Ticker = sp.Ticker and raw."Date" = sp.PriceDate where sp.PriceDate is NULL;
10-28_19:51:31 File [C:\Data\Dev\Java\StockPriceDownloader\Data\JPM.csv] Upload success! Time taken =1.24 seconds.
10-28_19:51:31 Starting load [C:\Data\Dev\Java\StockPriceDownloader\Data\WBA.csv],
10-28_19:51:31 CREATE TABLE IF NOT EXISTS StockPricesRaw ("Ticker" VARCHAR(255),"Date" VARCHAR(255),"Open" VARCHAR(255),"High" VARCHAR(255),"Low" VARCHAR(255),"Close" VARCHAR(255),"Adj Close" VARCHAR(255),"Volume" VARCHAR(255))
10-28_19:51:33 DELETE FROM StockPrices WHERE ROWID IN (select StockPrices.ROWID from StockPrices inner join StockPricesRaw on StockPrices.Ticker = StockPricesRaw.Ticker and StockPrices.PriceDate = StockPricesRaw."Date") ;
10-28_19:51:33 INSERT INTO StockPrices (Ticker,PriceDate,Open,High,Low,Close,"Adj Close",Volume) select raw.Ticker, raw."Date", raw.Open,raw.High,raw.Low,raw.Close, raw."Adj Close", raw.Volume from StockPricesRaw raw left outer join StockPrices sp on raw.Ticker = sp.Ticker and raw."Date" = sp.PriceDate where sp.PriceDate is NULL;
10-28_19:51:33 File [C:\Data\Dev\Java\StockPriceDownloader\Data\WBA.csv] Upload success! Time taken =1.24 seconds.
10-28_19:51:33 Starting load [C:\Data\Dev\Java\StockPriceDownloader\Data\MO.csv],
10-28_19:51:33 CREATE TABLE IF NOT EXISTS StockPricesRaw ("Ticker" VARCHAR(255),"Date" VARCHAR(255),"Open" VARCHAR(255),"High" VARCHAR(255),"Low" VARCHAR(255),"Close" VARCHAR(255),"Adj Close" VARCHAR(255),"Volume" VARCHAR(255))
10-28_19:51:35 DELETE FROM StockPrices WHERE ROWID IN (select StockPrices.ROWID from StockPrices inner join StockPricesRaw on StockPrices.Ticker = StockPricesRaw.Ticker and StockPrices.PriceDate = StockPricesRaw."Date") ;
10-28_19:51:35 INSERT INTO StockPrices (Ticker,PriceDate,Open,High,Low,Close,"Adj Close",Volume) select raw.Ticker, raw."Date", raw.Open,raw.High,raw.Low,raw.Close, raw."Adj Close", raw.Volume from StockPricesRaw raw left outer join StockPrices sp on raw.Ticker = sp.Ticker and raw."Date" = sp.PriceDate where sp.PriceDate is NULL;
10-28_19:51:35 File [C:\Data\Dev\Java\StockPriceDownloader\Data\MO.csv] Upload success! Time taken =1.96 seconds.
10-28_19:51:35 Starting load [C:\Data\Dev\Java\StockPriceDownloader\Data\AVGO.csv],
10-28_19:51:35 CREATE TABLE IF NOT EXISTS StockPricesRaw ("Ticker" VARCHAR(255),"Date" VARCHAR(255),"Open" VARCHAR(255),"High" VARCHAR(255),"Low" VARCHAR(255),"Close" VARCHAR(255),"Adj Close" VARCHAR(255),"Volume" VARCHAR(255))
10-28_19:51:36 DELETE FROM StockPrices WHERE ROWID IN (select StockPrices.ROWID from StockPrices inner join StockPricesRaw on StockPrices.Ticker = StockPricesRaw.Ticker and StockPrices.PriceDate = StockPricesRaw."Date") ;
10-28_19:51:36 INSERT INTO StockPrices (Ticker,PriceDate,Open,High,Low,Close,"Adj Close",Volume) select raw.Ticker, raw."Date", raw.Open,raw.High,raw.Low,raw.Close, raw."Adj Close", raw.Volume from StockPricesRaw raw left outer join StockPrices sp on raw.Ticker = sp.Ticker and raw."Date" = sp.PriceDate where sp.PriceDate is NULL;
10-28_19:51:36 File [C:\Data\Dev\Java\StockPriceDownloader\Data\AVGO.csv] Upload success! Time taken =1.26 seconds.
10-28_19:51:36 Starting load [C:\Data\Dev\Java\StockPriceDownloader\Data\MMM.csv],
10-28_19:51:36 CREATE TABLE IF NOT EXISTS StockPricesRaw ("Ticker" VARCHAR(255),"Date" VARCHAR(255),"Open" VARCHAR(255),"High" VARCHAR(255),"Low" VARCHAR(255),"Close" VARCHAR(255),"Adj Close" VARCHAR(255),"Volume" VARCHAR(255))
10-28_19:51:37 DELETE FROM StockPrices WHERE ROWID IN (select StockPrices.ROWID from StockPrices inner join StockPricesRaw on StockPrices.Ticker = StockPricesRaw.Ticker and StockPrices.PriceDate = StockPricesRaw."Date") ;
10-28_19:51:37 INSERT INTO StockPrices (Ticker,PriceDate,Open,High,Low,Close,"Adj Close",Volume) select raw.Ticker, raw."Date", raw.Open,raw.High,raw.Low,raw.Close, raw."Adj Close", raw.Volume from StockPricesRaw raw left outer join StockPrices sp on raw.Ticker = sp.Ticker and raw."Date" = sp.PriceDate where sp.PriceDate is NULL;
10-28_19:51:37 File [C:\Data\Dev\Java\StockPriceDownloader\Data\MMM.csv] Upload success! Time taken =1.24 seconds.
10-28_19:51:37 The Total time to Upload=76.50 seconds 52 files.
