10-28_18:52:49 Starting load [C:\Data\Dev\Java\StockPriceDownloader\Data\AAPL.csv],
10-28_18:52:49 CREATE TABLE IF NOT EXISTS StockPricesRaw ("Ticker" VARCHAR(255),"Date" VARCHAR(255),"Open" VARCHAR(255),"High" VARCHAR(255),"Low" VARCHAR(255),"Close" VARCHAR(255),"Adj Close" VARCHAR(255),"Volume" VARCHAR(255))
10-28_18:52:50 DELETE FROM StockPrices WHERE ROWID IN (select StockPrices.ROWID from StockPrices inner join StockPricesRaw on StockPrices.Ticker = StockPricesRaw.Ticker and StockPrices.PriceDate = StockPricesRaw."Date") ;
10-28_18:52:50 INSERT INTO StockPrices (Ticker,PriceDate,Open,High,Low,Close,"Adj Close",Volume) select raw.Ticker, raw."Date", raw.Open,raw.High,raw.Low,raw.Close, raw."Adj Close", raw.Volume from StockPricesRaw raw left outer join StockPrices sp on raw.Ticker = sp.Ticker and raw."Date" = sp.PriceDate where sp.PriceDate is NULL;
10-28_18:52:50 File [C:\Data\Dev\Java\StockPriceDownloader\Data\AAPL.csv] Upload success! Time taken =1.31 seconds.
10-28_18:52:50 Starting load [C:\Data\Dev\Java\StockPriceDownloader\Data\MSFT.csv],
10-28_18:52:50 CREATE TABLE IF NOT EXISTS StockPricesRaw ("Ticker" VARCHAR(255),"Date" VARCHAR(255),"Open" VARCHAR(255),"High" VARCHAR(255),"Low" VARCHAR(255),"Close" VARCHAR(255),"Adj Close" VARCHAR(255),"Volume" VARCHAR(255))
10-28_18:52:51 DELETE FROM StockPrices WHERE ROWID IN (select StockPrices.ROWID from StockPrices inner join StockPricesRaw on StockPrices.Ticker = StockPricesRaw.Ticker and StockPrices.PriceDate = StockPricesRaw."Date") ;
10-28_18:52:51 INSERT INTO StockPrices (Ticker,PriceDate,Open,High,Low,Close,"Adj Close",Volume) select raw.Ticker, raw."Date", raw.Open,raw.High,raw.Low,raw.Close, raw."Adj Close", raw.Volume from StockPricesRaw raw left outer join StockPrices sp on raw.Ticker = sp.Ticker and raw."Date" = sp.PriceDate where sp.PriceDate is NULL;
10-28_18:52:51 File [C:\Data\Dev\Java\StockPriceDownloader\Data\MSFT.csv] Upload success! Time taken =1.24 seconds.
10-28_18:52:51 Starting load [C:\Data\Dev\Java\StockPriceDownloader\Data\GOOGL.csv],
10-28_18:52:51 CREATE TABLE IF NOT EXISTS StockPricesRaw ("Ticker" VARCHAR(255),"Date" VARCHAR(255),"Open" VARCHAR(255),"High" VARCHAR(255),"Low" VARCHAR(255),"Close" VARCHAR(255),"Adj Close" VARCHAR(255),"Volume" VARCHAR(255))
10-28_18:52:52 DELETE FROM StockPrices WHERE ROWID IN (select StockPrices.ROWID from StockPrices inner join StockPricesRaw on StockPrices.Ticker = StockPricesRaw.Ticker and StockPrices.PriceDate = StockPricesRaw."Date") ;
10-28_18:52:53 INSERT INTO StockPrices (Ticker,PriceDate,Open,High,Low,Close,"Adj Close",Volume) select raw.Ticker, raw."Date", raw.Open,raw.High,raw.Low,raw.Close, raw."Adj Close", raw.Volume from StockPricesRaw raw left outer join StockPrices sp on raw.Ticker = sp.Ticker and raw."Date" = sp.PriceDate where sp.PriceDate is NULL;
10-28_18:52:53 File [C:\Data\Dev\Java\StockPriceDownloader\Data\GOOGL.csv] Upload success! Time taken =1.39 seconds.
10-28_18:52:53 Starting load [C:\Data\Dev\Java\StockPriceDownloader\Data\AMZN.csv],
10-28_18:52:53 CREATE TABLE IF NOT EXISTS StockPricesRaw ("Ticker" VARCHAR(255),"Date" VARCHAR(255),"Open" VARCHAR(255),"High" VARCHAR(255),"Low" VARCHAR(255),"Close" VARCHAR(255),"Adj Close" VARCHAR(255),"Volume" VARCHAR(255))
10-28_18:52:54 DELETE FROM StockPrices WHERE ROWID IN (select StockPrices.ROWID from StockPrices inner join StockPricesRaw on StockPrices.Ticker = StockPricesRaw.Ticker and StockPrices.PriceDate = StockPricesRaw."Date") ;
10-28_18:52:54 INSERT INTO StockPrices (Ticker,PriceDate,Open,High,Low,Close,"Adj Close",Volume) select raw.Ticker, raw."Date", raw.Open,raw.High,raw.Low,raw.Close, raw."Adj Close", raw.Volume from StockPricesRaw raw left outer join StockPrices sp on raw.Ticker = sp.Ticker and raw."Date" = sp.PriceDate where sp.PriceDate is NULL;
10-28_18:52:54 File [C:\Data\Dev\Java\StockPriceDownloader\Data\AMZN.csv] Upload success! Time taken =1.22 seconds.
10-28_18:52:54 Starting load [C:\Data\Dev\Java\StockPriceDownloader\Data\TSLA.csv],
10-28_18:52:54 CREATE TABLE IF NOT EXISTS StockPricesRaw ("Ticker" VARCHAR(255),"Date" VARCHAR(255),"Open" VARCHAR(255),"High" VARCHAR(255),"Low" VARCHAR(255),"Close" VARCHAR(255),"Adj Close" VARCHAR(255),"Volume" VARCHAR(255))
10-28_18:52:56 DELETE FROM StockPrices WHERE ROWID IN (select StockPrices.ROWID from StockPrices inner join StockPricesRaw on StockPrices.Ticker = StockPricesRaw.Ticker and StockPrices.PriceDate = StockPricesRaw."Date") ;
10-28_18:52:56 INSERT INTO StockPrices (Ticker,PriceDate,Open,High,Low,Close,"Adj Close",Volume) select raw.Ticker, raw."Date", raw.Open,raw.High,raw.Low,raw.Close, raw."Adj Close", raw.Volume from StockPricesRaw raw left outer join StockPrices sp on raw.Ticker = sp.Ticker and raw."Date" = sp.PriceDate where sp.PriceDate is NULL;
10-28_18:52:56 File [C:\Data\Dev\Java\StockPriceDownloader\Data\TSLA.csv] Upload success! Time taken =1.82 seconds.
10-28_18:52:56 Starting load [C:\Data\Dev\Java\StockPriceDownloader\Data\NVDA.csv],
10-28_18:52:56 CREATE TABLE IF NOT EXISTS StockPricesRaw ("Ticker" VARCHAR(255),"Date" VARCHAR(255),"Open" VARCHAR(255),"High" VARCHAR(255),"Low" VARCHAR(255),"Close" VARCHAR(255),"Adj Close" VARCHAR(255),"Volume" VARCHAR(255))
10-28_18:52:57 DELETE FROM StockPrices WHERE ROWID IN (select StockPrices.ROWID from StockPrices inner join StockPricesRaw on StockPrices.Ticker = StockPricesRaw.Ticker and StockPrices.PriceDate = StockPricesRaw."Date") ;
10-28_18:52:57 INSERT INTO StockPrices (Ticker,PriceDate,Open,High,Low,Close,"Adj Close",Volume) select raw.Ticker, raw."Date", raw.Open,raw.High,raw.Low,raw.Close, raw."Adj Close", raw.Volume from StockPricesRaw raw left outer join StockPrices sp on raw.Ticker = sp.Ticker and raw."Date" = sp.PriceDate where sp.PriceDate is NULL;
10-28_18:52:57 File [C:\Data\Dev\Java\StockPriceDownloader\Data\NVDA.csv] Upload success! Time taken =1.37 seconds.
10-28_18:52:57 Starting load [C:\Data\Dev\Java\StockPriceDownloader\Data\META.csv],
10-28_18:52:57 CREATE TABLE IF NOT EXISTS StockPricesRaw ("Ticker" VARCHAR(255),"Date" VARCHAR(255),"Open" VARCHAR(255),"High" VARCHAR(255),"Low" VARCHAR(255),"Close" VARCHAR(255),"Adj Close" VARCHAR(255),"Volume" VARCHAR(255))
10-28_18:52:58 DELETE FROM StockPrices WHERE ROWID IN (select StockPrices.ROWID from StockPrices inner join StockPricesRaw on StockPrices.Ticker = StockPricesRaw.Ticker and StockPrices.PriceDate = StockPricesRaw."Date") ;
10-28_18:52:58 INSERT INTO StockPrices (Ticker,PriceDate,Open,High,Low,Close,"Adj Close",Volume) select raw.Ticker, raw."Date", raw.Open,raw.High,raw.Low,raw.Close, raw."Adj Close", raw.Volume from StockPricesRaw raw left outer join StockPrices sp on raw.Ticker = sp.Ticker and raw."Date" = sp.PriceDate where sp.PriceDate is NULL;
10-28_18:52:58 File [C:\Data\Dev\Java\StockPriceDownloader\Data\META.csv] Upload success! Time taken =1.21 seconds.
10-28_18:52:58 Starting load [C:\Data\Dev\Java\StockPriceDownloader\Data\BRK-A.csv],
10-28_18:52:58 CREATE TABLE IF NOT EXISTS StockPricesRaw ("Ticker" VARCHAR(255),"Date" VARCHAR(255),"Open" VARCHAR(255),"High" VARCHAR(255),"Low" VARCHAR(255),"Close" VARCHAR(255),"Adj Close" VARCHAR(255),"Volume" VARCHAR(255))
10-28_18:52:59 DELETE FROM StockPrices WHERE ROWID IN (select StockPrices.ROWID from StockPrices inner join StockPricesRaw on StockPrices.Ticker = StockPricesRaw.Ticker and StockPrices.PriceDate = StockPricesRaw."Date") ;
10-28_18:52:59 INSERT INTO StockPrices (Ticker,PriceDate,Open,High,Low,Close,"Adj Close",Volume) select raw.Ticker, raw."Date", raw.Open,raw.High,raw.Low,raw.Close, raw."Adj Close", raw.Volume from StockPricesRaw raw left outer join StockPrices sp on raw.Ticker = sp.Ticker and raw."Date" = sp.PriceDate where sp.PriceDate is NULL;
10-28_18:52:59 File [C:\Data\Dev\Java\StockPriceDownloader\Data\BRK-A.csv] Upload success! Time taken =1.33 seconds.
10-28_18:52:59 Starting load [C:\Data\Dev\Java\StockPriceDownloader\Data\TSM.csv],
10-28_18:52:59 CREATE TABLE IF NOT EXISTS StockPricesRaw ("Ticker" VARCHAR(255),"Date" VARCHAR(255),"Open" VARCHAR(255),"High" VARCHAR(255),"Low" VARCHAR(255),"Close" VARCHAR(255),"Adj Close" VARCHAR(255),"Volume" VARCHAR(255))
10-28_18:53:01 DELETE FROM StockPrices WHERE ROWID IN (select StockPrices.ROWID from StockPrices inner join StockPricesRaw on StockPrices.Ticker = StockPricesRaw.Ticker and StockPrices.PriceDate = StockPricesRaw."Date") ;
10-28_18:53:01 INSERT INTO StockPrices (Ticker,PriceDate,Open,High,Low,Close,"Adj Close",Volume) select raw.Ticker, raw."Date", raw.Open,raw.High,raw.Low,raw.Close, raw."Adj Close", raw.Volume from StockPricesRaw raw left outer join StockPrices sp on raw.Ticker = sp.Ticker and raw."Date" = sp.PriceDate where sp.PriceDate is NULL;
10-28_18:53:01 File [C:\Data\Dev\Java\StockPriceDownloader\Data\TSM.csv] Upload success! Time taken =1.78 seconds.
10-28_18:53:01 Starting load [C:\Data\Dev\Java\StockPriceDownloader\Data\JNJ.csv],
10-28_18:53:01 CREATE TABLE IF NOT EXISTS StockPricesRaw ("Ticker" VARCHAR(255),"Date" VARCHAR(255),"Open" VARCHAR(255),"High" VARCHAR(255),"Low" VARCHAR(255),"Close" VARCHAR(255),"Adj Close" VARCHAR(255),"Volume" VARCHAR(255))
10-28_18:53:02 DELETE FROM StockPrices WHERE ROWID IN (select StockPrices.ROWID from StockPrices inner join StockPricesRaw on StockPrices.Ticker = StockPricesRaw.Ticker and StockPrices.PriceDate = StockPricesRaw."Date") ;
10-28_18:53:02 INSERT INTO StockPrices (Ticker,PriceDate,Open,High,Low,Close,"Adj Close",Volume) select raw.Ticker, raw."Date", raw.Open,raw.High,raw.Low,raw.Close, raw."Adj Close", raw.Volume from StockPricesRaw raw left outer join StockPrices sp on raw.Ticker = sp.Ticker and raw."Date" = sp.PriceDate where sp.PriceDate is NULL;
10-28_18:53:02 File [C:\Data\Dev\Java\StockPriceDownloader\Data\JNJ.csv] Upload success! Time taken =1.26 seconds.
10-28_18:53:02 Starting load [C:\Data\Dev\Java\StockPriceDownloader\Data\UNH.csv],
10-28_18:53:03 CREATE TABLE IF NOT EXISTS StockPricesRaw ("Ticker" VARCHAR(255),"Date" VARCHAR(255),"Open" VARCHAR(255),"High" VARCHAR(255),"Low" VARCHAR(255),"Close" VARCHAR(255),"Adj Close" VARCHAR(255),"Volume" VARCHAR(255))
10-28_18:53:04 DELETE FROM StockPrices WHERE ROWID IN (select StockPrices.ROWID from StockPrices inner join StockPricesRaw on StockPrices.Ticker = StockPricesRaw.Ticker and StockPrices.PriceDate = StockPricesRaw."Date") ;
10-28_18:53:04 INSERT INTO StockPrices (Ticker,PriceDate,Open,High,Low,Close,"Adj Close",Volume) select raw.Ticker, raw."Date", raw.Open,raw.High,raw.Low,raw.Close, raw."Adj Close", raw.Volume from StockPricesRaw raw left outer join StockPrices sp on raw.Ticker = sp.Ticker and raw."Date" = sp.PriceDate where sp.PriceDate is NULL;
10-28_18:53:04 File [C:\Data\Dev\Java\StockPriceDownloader\Data\UNH.csv] Upload success! Time taken =1.33 seconds.
10-28_18:53:04 Starting load [C:\Data\Dev\Java\StockPriceDownloader\Data\GOOG.csv],
10-28_18:53:04 CREATE TABLE IF NOT EXISTS StockPricesRaw ("Ticker" VARCHAR(255),"Date" VARCHAR(255),"Open" VARCHAR(255),"High" VARCHAR(255),"Low" VARCHAR(255),"Close" VARCHAR(255),"Adj Close" VARCHAR(255),"Volume" VARCHAR(255))
10-28_18:53:05 DELETE FROM StockPrices WHERE ROWID IN (select StockPrices.ROWID from StockPrices inner join StockPricesRaw on StockPrices.Ticker = StockPricesRaw.Ticker and StockPrices.PriceDate = StockPricesRaw."Date") ;
10-28_18:53:05 INSERT INTO StockPrices (Ticker,PriceDate,Open,High,Low,Close,"Adj Close",Volume) select raw.Ticker, raw."Date", raw.Open,raw.High,raw.Low,raw.Close, raw."Adj Close", raw.Volume from StockPricesRaw raw left outer join StockPrices sp on raw.Ticker = sp.Ticker and raw."Date" = sp.PriceDate where sp.PriceDate is NULL;
10-28_18:53:05 File [C:\Data\Dev\Java\StockPriceDownloader\Data\GOOG.csv] Upload success! Time taken =1.36 seconds.
10-28_18:53:05 Starting load [C:\Data\Dev\Java\StockPriceDownloader\Data\V.csv],
10-28_18:53:05 CREATE TABLE IF NOT EXISTS StockPricesRaw ("Ticker" VARCHAR(255),"Date" VARCHAR(255),"Open" VARCHAR(255),"High" VARCHAR(255),"Low" VARCHAR(255),"Close" VARCHAR(255),"Adj Close" VARCHAR(255),"Volume" VARCHAR(255))
10-28_18:53:07 DELETE FROM StockPrices WHERE ROWID IN (select StockPrices.ROWID from StockPrices inner join StockPricesRaw on StockPrices.Ticker = StockPricesRaw.Ticker and StockPrices.PriceDate = StockPricesRaw."Date") ;
10-28_18:53:07 INSERT INTO StockPrices (Ticker,PriceDate,Open,High,Low,Close,"Adj Close",Volume) select raw.Ticker, raw."Date", raw.Open,raw.High,raw.Low,raw.Close, raw."Adj Close", raw.Volume from StockPricesRaw raw left outer join StockPrices sp on raw.Ticker = sp.Ticker and raw."Date" = sp.PriceDate where sp.PriceDate is NULL;
10-28_18:53:07 File [C:\Data\Dev\Java\StockPriceDownloader\Data\V.csv] Upload success! Time taken =1.94 seconds.
10-28_18:53:07 Starting load [C:\Data\Dev\Java\StockPriceDownloader\Data\MA.csv],
10-28_18:53:07 CREATE TABLE IF NOT EXISTS StockPricesRaw ("Ticker" VARCHAR(255),"Date" VARCHAR(255),"Open" VARCHAR(255),"High" VARCHAR(255),"Low" VARCHAR(255),"Close" VARCHAR(255),"Adj Close" VARCHAR(255),"Volume" VARCHAR(255))
10-28_18:53:08 DELETE FROM StockPrices WHERE ROWID IN (select StockPrices.ROWID from StockPrices inner join StockPricesRaw on StockPrices.Ticker = StockPricesRaw.Ticker and StockPrices.PriceDate = StockPricesRaw."Date") ;
10-28_18:53:08 INSERT INTO StockPrices (Ticker,PriceDate,Open,High,Low,Close,"Adj Close",Volume) select raw.Ticker, raw."Date", raw.Open,raw.High,raw.Low,raw.Close, raw."Adj Close", raw.Volume from StockPricesRaw raw left outer join StockPrices sp on raw.Ticker = sp.Ticker and raw."Date" = sp.PriceDate where sp.PriceDate is NULL;
10-28_18:53:08 File [C:\Data\Dev\Java\StockPriceDownloader\Data\MA.csv] Upload success! Time taken =1.25 seconds.
10-28_18:53:08 Starting load [C:\Data\Dev\Java\StockPriceDownloader\Data\WMT.csv],
10-28_18:53:08 CREATE TABLE IF NOT EXISTS StockPricesRaw ("Ticker" VARCHAR(255),"Date" VARCHAR(255),"Open" VARCHAR(255),"High" VARCHAR(255),"Low" VARCHAR(255),"Close" VARCHAR(255),"Adj Close" VARCHAR(255),"Volume" VARCHAR(255))
10-28_18:53:10 DELETE FROM StockPrices WHERE ROWID IN (select StockPrices.ROWID from StockPrices inner join StockPricesRaw on StockPrices.Ticker = StockPricesRaw.Ticker and StockPrices.PriceDate = StockPricesRaw."Date") ;
10-28_18:53:10 INSERT INTO StockPrices (Ticker,PriceDate,Open,High,Low,Close,"Adj Close",Volume) select raw.Ticker, raw."Date", raw.Open,raw.High,raw.Low,raw.Close, raw."Adj Close", raw.Volume from StockPricesRaw raw left outer join StockPrices sp on raw.Ticker = sp.Ticker and raw."Date" = sp.PriceDate where sp.PriceDate is NULL;
10-28_18:53:10 File [C:\Data\Dev\Java\StockPriceDownloader\Data\WMT.csv] Upload success! Time taken =1.27 seconds.
10-28_18:53:10 Starting load [C:\Data\Dev\Java\StockPriceDownloader\Data\COST.csv],
10-28_18:53:10 CREATE TABLE IF NOT EXISTS StockPricesRaw ("Ticker" VARCHAR(255),"Date" VARCHAR(255),"Open" VARCHAR(255),"High" VARCHAR(255),"Low" VARCHAR(255),"Close" VARCHAR(255),"Adj Close" VARCHAR(255),"Volume" VARCHAR(255))
10-28_18:53:11 DELETE FROM StockPrices WHERE ROWID IN (select StockPrices.ROWID from StockPrices inner join StockPricesRaw on StockPrices.Ticker = StockPricesRaw.Ticker and StockPrices.PriceDate = StockPricesRaw."Date") ;
10-28_18:53:11 INSERT INTO StockPrices (Ticker,PriceDate,Open,High,Low,Close,"Adj Close",Volume) select raw.Ticker, raw."Date", raw.Open,raw.High,raw.Low,raw.Close, raw."Adj Close", raw.Volume from StockPricesRaw raw left outer join StockPrices sp on raw.Ticker = sp.Ticker and raw."Date" = sp.PriceDate where sp.PriceDate is NULL;
10-28_18:53:11 File [C:\Data\Dev\Java\StockPriceDownloader\Data\COST.csv] Upload success! Time taken =1.21 seconds.
10-28_18:53:11 Starting load [C:\Data\Dev\Java\StockPriceDownloader\Data\HD.csv],
10-28_18:53:11 CREATE TABLE IF NOT EXISTS StockPricesRaw ("Ticker" VARCHAR(255),"Date" VARCHAR(255),"Open" VARCHAR(255),"High" VARCHAR(255),"Low" VARCHAR(255),"Close" VARCHAR(255),"Adj Close" VARCHAR(255),"Volume" VARCHAR(255))
10-28_18:53:13 DELETE FROM StockPrices WHERE ROWID IN (select StockPrices.ROWID from StockPrices inner join StockPricesRaw on StockPrices.Ticker = StockPricesRaw.Ticker and StockPrices.PriceDate = StockPricesRaw."Date") ;
10-28_18:53:13 INSERT INTO StockPrices (Ticker,PriceDate,Open,High,Low,Close,"Adj Close",Volume) select raw.Ticker, raw."Date", raw.Open,raw.High,raw.Low,raw.Close, raw."Adj Close", raw.Volume from StockPricesRaw raw left outer join StockPrices sp on raw.Ticker = sp.Ticker and raw."Date" = sp.PriceDate where sp.PriceDate is NULL;
10-28_18:53:13 File [C:\Data\Dev\Java\StockPriceDownloader\Data\HD.csv] Upload success! Time taken =1.87 seconds.
10-28_18:53:13 Starting load [C:\Data\Dev\Java\StockPriceDownloader\Data\MCD.csv],
10-28_18:53:13 CREATE TABLE IF NOT EXISTS StockPricesRaw ("Ticker" VARCHAR(255),"Date" VARCHAR(255),"Open" VARCHAR(255),"High" VARCHAR(255),"Low" VARCHAR(255),"Close" VARCHAR(255),"Adj Close" VARCHAR(255),"Volume" VARCHAR(255))
10-28_18:53:14 DELETE FROM StockPrices WHERE ROWID IN (select StockPrices.ROWID from StockPrices inner join StockPricesRaw on StockPrices.Ticker = StockPricesRaw.Ticker and StockPrices.PriceDate = StockPricesRaw."Date") ;
10-28_18:53:14 INSERT INTO StockPrices (Ticker,PriceDate,Open,High,Low,Close,"Adj Close",Volume) select raw.Ticker, raw."Date", raw.Open,raw.High,raw.Low,raw.Close, raw."Adj Close", raw.Volume from StockPricesRaw raw left outer join StockPrices sp on raw.Ticker = sp.Ticker and raw."Date" = sp.PriceDate where sp.PriceDate is NULL;
10-28_18:53:14 File [C:\Data\Dev\Java\StockPriceDownloader\Data\MCD.csv] Upload success! Time taken =1.28 seconds.
10-28_18:53:14 Starting load [C:\Data\Dev\Java\StockPriceDownloader\Data\PG.csv],
10-28_18:53:14 CREATE TABLE IF NOT EXISTS StockPricesRaw ("Ticker" VARCHAR(255),"Date" VARCHAR(255),"Open" VARCHAR(255),"High" VARCHAR(255),"Low" VARCHAR(255),"Close" VARCHAR(255),"Adj Close" VARCHAR(255),"Volume" VARCHAR(255))
10-28_18:53:16 DELETE FROM StockPrices WHERE ROWID IN (select StockPrices.ROWID from StockPrices inner join StockPricesRaw on StockPrices.Ticker = StockPricesRaw.Ticker and StockPrices.PriceDate = StockPricesRaw."Date") ;
10-28_18:53:16 INSERT INTO StockPrices (Ticker,PriceDate,Open,High,Low,Close,"Adj Close",Volume) select raw.Ticker, raw."Date", raw.Open,raw.High,raw.Low,raw.Close, raw."Adj Close", raw.Volume from StockPricesRaw raw left outer join StockPrices sp on raw.Ticker = sp.Ticker and raw."Date" = sp.PriceDate where sp.PriceDate is NULL;
10-28_18:53:16 File [C:\Data\Dev\Java\StockPriceDownloader\Data\PG.csv] Upload success! Time taken =1.67 seconds.
10-28_18:53:16 Starting load [C:\Data\Dev\Java\StockPriceDownloader\Data\PEP.csv],
10-28_18:53:16 CREATE TABLE IF NOT EXISTS StockPricesRaw ("Ticker" VARCHAR(255),"Date" VARCHAR(255),"Open" VARCHAR(255),"High" VARCHAR(255),"Low" VARCHAR(255),"Close" VARCHAR(255),"Adj Close" VARCHAR(255),"Volume" VARCHAR(255))
10-28_18:53:17 DELETE FROM StockPrices WHERE ROWID IN (select StockPrices.ROWID from StockPrices inner join StockPricesRaw on StockPrices.Ticker = StockPricesRaw.Ticker and StockPrices.PriceDate = StockPricesRaw."Date") ;
10-28_18:53:17 INSERT INTO StockPrices (Ticker,PriceDate,Open,High,Low,Close,"Adj Close",Volume) select raw.Ticker, raw."Date", raw.Open,raw.High,raw.Low,raw.Close, raw."Adj Close", raw.Volume from StockPricesRaw raw left outer join StockPrices sp on raw.Ticker = sp.Ticker and raw."Date" = sp.PriceDate where sp.PriceDate is NULL;
10-28_18:53:17 File [C:\Data\Dev\Java\StockPriceDownloader\Data\PEP.csv] Upload success! Time taken =1.27 seconds.
10-28_18:53:17 Starting load [C:\Data\Dev\Java\StockPriceDownloader\Data\KO.csv],
10-28_18:53:17 CREATE TABLE IF NOT EXISTS StockPricesRaw ("Ticker" VARCHAR(255),"Date" VARCHAR(255),"Open" VARCHAR(255),"High" VARCHAR(255),"Low" VARCHAR(255),"Close" VARCHAR(255),"Adj Close" VARCHAR(255),"Volume" VARCHAR(255))
10-28_18:53:18 DELETE FROM StockPrices WHERE ROWID IN (select StockPrices.ROWID from StockPrices inner join StockPricesRaw on StockPrices.Ticker = StockPricesRaw.Ticker and StockPrices.PriceDate = StockPricesRaw."Date") ;
10-28_18:53:18 INSERT INTO StockPrices (Ticker,PriceDate,Open,High,Low,Close,"Adj Close",Volume) select raw.Ticker, raw."Date", raw.Open,raw.High,raw.Low,raw.Close, raw."Adj Close", raw.Volume from StockPricesRaw raw left outer join StockPrices sp on raw.Ticker = sp.Ticker and raw."Date" = sp.PriceDate where sp.PriceDate is NULL;
10-28_18:53:18 File [C:\Data\Dev\Java\StockPriceDownloader\Data\KO.csv] Upload success! Time taken =1.48 seconds.
10-28_18:53:18 Starting load [C:\Data\Dev\Java\StockPriceDownloader\Data\INTC.csv],
10-28_18:53:18 CREATE TABLE IF NOT EXISTS StockPricesRaw ("Ticker" VARCHAR(255),"Date" VARCHAR(255),"Open" VARCHAR(255),"High" VARCHAR(255),"Low" VARCHAR(255),"Close" VARCHAR(255),"Adj Close" VARCHAR(255),"Volume" VARCHAR(255))
10-28_18:53:20 DELETE FROM StockPrices WHERE ROWID IN (select StockPrices.ROWID from StockPrices inner join StockPricesRaw on StockPrices.Ticker = StockPricesRaw.Ticker and StockPrices.PriceDate = StockPricesRaw."Date") ;
10-28_18:53:20 INSERT INTO StockPrices (Ticker,PriceDate,Open,High,Low,Close,"Adj Close",Volume) select raw.Ticker, raw."Date", raw.Open,raw.High,raw.Low,raw.Close, raw."Adj Close", raw.Volume from StockPricesRaw raw left outer join StockPrices sp on raw.Ticker = sp.Ticker and raw."Date" = sp.PriceDate where sp.PriceDate is NULL;
10-28_18:53:20 File [C:\Data\Dev\Java\StockPriceDownloader\Data\INTC.csv] Upload success! Time taken =1.21 seconds.
10-28_18:53:20 Starting load [C:\Data\Dev\Java\StockPriceDownloader\Data\CRM.csv],
10-28_18:53:20 CREATE TABLE IF NOT EXISTS StockPricesRaw ("Ticker" VARCHAR(255),"Date" VARCHAR(255),"Open" VARCHAR(255),"High" VARCHAR(255),"Low" VARCHAR(255),"Close" VARCHAR(255),"Adj Close" VARCHAR(255),"Volume" VARCHAR(255))
10-28_18:53:21 DELETE FROM StockPrices WHERE ROWID IN (select StockPrices.ROWID from StockPrices inner join StockPricesRaw on StockPrices.Ticker = StockPricesRaw.Ticker and StockPrices.PriceDate = StockPricesRaw."Date") ;
10-28_18:53:21 INSERT INTO StockPrices (Ticker,PriceDate,Open,High,Low,Close,"Adj Close",Volume) select raw.Ticker, raw."Date", raw.Open,raw.High,raw.Low,raw.Close, raw."Adj Close", raw.Volume from StockPricesRaw raw left outer join StockPrices sp on raw.Ticker = sp.Ticker and raw."Date" = sp.PriceDate where sp.PriceDate is NULL;
10-28_18:53:21 File [C:\Data\Dev\Java\StockPriceDownloader\Data\CRM.csv] Upload success! Time taken =1.21 seconds.
10-28_18:53:21 Starting load [C:\Data\Dev\Java\StockPriceDownloader\Data\NFLX.csv],
10-28_18:53:21 CREATE TABLE IF NOT EXISTS StockPricesRaw ("Ticker" VARCHAR(255),"Date" VARCHAR(255),"Open" VARCHAR(255),"High" VARCHAR(255),"Low" VARCHAR(255),"Close" VARCHAR(255),"Adj Close" VARCHAR(255),"Volume" VARCHAR(255))
10-28_18:53:22 DELETE FROM StockPrices WHERE ROWID IN (select StockPrices.ROWID from StockPrices inner join StockPricesRaw on StockPrices.Ticker = StockPricesRaw.Ticker and StockPrices.PriceDate = StockPricesRaw."Date") ;
10-28_18:53:22 INSERT INTO StockPrices (Ticker,PriceDate,Open,High,Low,Close,"Adj Close",Volume) select raw.Ticker, raw."Date", raw.Open,raw.High,raw.Low,raw.Close, raw."Adj Close", raw.Volume from StockPricesRaw raw left outer join StockPrices sp on raw.Ticker = sp.Ticker and raw."Date" = sp.PriceDate where sp.PriceDate is NULL;
10-28_18:53:22 File [C:\Data\Dev\Java\StockPriceDownloader\Data\NFLX.csv] Upload success! Time taken =1.21 seconds.
10-28_18:53:22 Starting load [C:\Data\Dev\Java\StockPriceDownloader\Data\NVDA.csv],
10-28_18:53:22 CREATE TABLE IF NOT EXISTS StockPricesRaw ("Ticker" VARCHAR(255),"Date" VARCHAR(255),"Open" VARCHAR(255),"High" VARCHAR(255),"Low" VARCHAR(255),"Close" VARCHAR(255),"Adj Close" VARCHAR(255),"Volume" VARCHAR(255))
10-28_18:53:24 DELETE FROM StockPrices WHERE ROWID IN (select StockPrices.ROWID from StockPrices inner join StockPricesRaw on StockPrices.Ticker = StockPricesRaw.Ticker and StockPrices.PriceDate = StockPricesRaw."Date") ;
10-28_18:53:24 INSERT INTO StockPrices (Ticker,PriceDate,Open,High,Low,Close,"Adj Close",Volume) select raw.Ticker, raw."Date", raw.Open,raw.High,raw.Low,raw.Close, raw."Adj Close", raw.Volume from StockPricesRaw raw left outer join StockPrices sp on raw.Ticker = sp.Ticker and raw."Date" = sp.PriceDate where sp.PriceDate is NULL;
10-28_18:53:24 File [C:\Data\Dev\Java\StockPriceDownloader\Data\NVDA.csv] Upload success! Time taken =2.04 seconds.
10-28_18:53:24 Starting load [C:\Data\Dev\Java\StockPriceDownloader\Data\CMCSA.csv],
10-28_18:53:24 CREATE TABLE IF NOT EXISTS StockPricesRaw ("Ticker" VARCHAR(255),"Date" VARCHAR(255),"Open" VARCHAR(255),"High" VARCHAR(255),"Low" VARCHAR(255),"Close" VARCHAR(255),"Adj Close" VARCHAR(255),"Volume" VARCHAR(255))
10-28_18:53:25 DELETE FROM StockPrices WHERE ROWID IN (select StockPrices.ROWID from StockPrices inner join StockPricesRaw on StockPrices.Ticker = StockPricesRaw.Ticker and StockPrices.PriceDate = StockPricesRaw."Date") ;
10-28_18:53:25 INSERT INTO StockPrices (Ticker,PriceDate,Open,High,Low,Close,"Adj Close",Volume) select raw.Ticker, raw."Date", raw.Open,raw.High,raw.Low,raw.Close, raw."Adj Close", raw.Volume from StockPricesRaw raw left outer join StockPrices sp on raw.Ticker = sp.Ticker and raw."Date" = sp.PriceDate where sp.PriceDate is NULL;
10-28_18:53:25 File [C:\Data\Dev\Java\StockPriceDownloader\Data\CMCSA.csv] Upload success! Time taken =1.21 seconds.
10-28_18:53:25 Starting load [C:\Data\Dev\Java\StockPriceDownloader\Data\ABBV.csv],
10-28_18:53:25 CREATE TABLE IF NOT EXISTS StockPricesRaw ("Ticker" VARCHAR(255),"Date" VARCHAR(255),"Open" VARCHAR(255),"High" VARCHAR(255),"Low" VARCHAR(255),"Close" VARCHAR(255),"Adj Close" VARCHAR(255),"Volume" VARCHAR(255))
10-28_18:53:27 DELETE FROM StockPrices WHERE ROWID IN (select StockPrices.ROWID from StockPrices inner join StockPricesRaw on StockPrices.Ticker = StockPricesRaw.Ticker and StockPrices.PriceDate = StockPricesRaw."Date") ;
10-28_18:53:27 INSERT INTO StockPrices (Ticker,PriceDate,Open,High,Low,Close,"Adj Close",Volume) select raw.Ticker, raw."Date", raw.Open,raw.High,raw.Low,raw.Close, raw."Adj Close", raw.Volume from StockPricesRaw raw left outer join StockPrices sp on raw.Ticker = sp.Ticker and raw."Date" = sp.PriceDate where sp.PriceDate is NULL;
10-28_18:53:27 File [C:\Data\Dev\Java\StockPriceDownloader\Data\ABBV.csv] Upload success! Time taken =1.21 seconds.
10-28_18:53:27 Starting load [C:\Data\Dev\Java\StockPriceDownloader\Data\TXN.csv],
10-28_18:53:27 CREATE TABLE IF NOT EXISTS StockPricesRaw ("Ticker" VARCHAR(255),"Date" VARCHAR(255),"Open" VARCHAR(255),"High" VARCHAR(255),"Low" VARCHAR(255),"Close" VARCHAR(255),"Adj Close" VARCHAR(255),"Volume" VARCHAR(255))
10-28_18:53:28 DELETE FROM StockPrices WHERE ROWID IN (select StockPrices.ROWID from StockPrices inner join StockPricesRaw on StockPrices.Ticker = StockPricesRaw.Ticker and StockPrices.PriceDate = StockPricesRaw."Date") ;
10-28_18:53:28 INSERT INTO StockPrices (Ticker,PriceDate,Open,High,Low,Close,"Adj Close",Volume) select raw.Ticker, raw."Date", raw.Open,raw.High,raw.Low,raw.Close, raw."Adj Close", raw.Volume from StockPricesRaw raw left outer join StockPrices sp on raw.Ticker = sp.Ticker and raw."Date" = sp.PriceDate where sp.PriceDate is NULL;
10-28_18:53:28 File [C:\Data\Dev\Java\StockPriceDownloader\Data\TXN.csv] Upload success! Time taken =1.21 seconds.
10-28_18:53:28 Starting load [C:\Data\Dev\Java\StockPriceDownloader\Data\ADBE.csv],
10-28_18:53:28 CREATE TABLE IF NOT EXISTS StockPricesRaw ("Ticker" VARCHAR(255),"Date" VARCHAR(255),"Open" VARCHAR(255),"High" VARCHAR(255),"Low" VARCHAR(255),"Close" VARCHAR(255),"Adj Close" VARCHAR(255),"Volume" VARCHAR(255))
10-28_18:53:30 DELETE FROM StockPrices WHERE ROWID IN (select StockPrices.ROWID from StockPrices inner join StockPricesRaw on StockPrices.Ticker = StockPricesRaw.Ticker and StockPrices.PriceDate = StockPricesRaw."Date") ;
10-28_18:53:30 INSERT INTO StockPrices (Ticker,PriceDate,Open,High,Low,Close,"Adj Close",Volume) select raw.Ticker, raw."Date", raw.Open,raw.High,raw.Low,raw.Close, raw."Adj Close", raw.Volume from StockPricesRaw raw left outer join StockPrices sp on raw.Ticker = sp.Ticker and raw."Date" = sp.PriceDate where sp.PriceDate is NULL;
10-28_18:53:30 File [C:\Data\Dev\Java\StockPriceDownloader\Data\ADBE.csv] Upload success! Time taken =1.99 seconds.
10-28_18:53:30 Starting load [C:\Data\Dev\Java\StockPriceDownloader\Data\MRK.csv],
10-28_18:53:30 CREATE TABLE IF NOT EXISTS StockPricesRaw ("Ticker" VARCHAR(255),"Date" VARCHAR(255),"Open" VARCHAR(255),"High" VARCHAR(255),"Low" VARCHAR(255),"Close" VARCHAR(255),"Adj Close" VARCHAR(255),"Volume" VARCHAR(255))
10-28_18:53:31 DELETE FROM StockPrices WHERE ROWID IN (select StockPrices.ROWID from StockPrices inner join StockPricesRaw on StockPrices.Ticker = StockPricesRaw.Ticker and StockPrices.PriceDate = StockPricesRaw."Date") ;
10-28_18:53:31 INSERT INTO StockPrices (Ticker,PriceDate,Open,High,Low,Close,"Adj Close",Volume) select raw.Ticker, raw."Date", raw.Open,raw.High,raw.Low,raw.Close, raw."Adj Close", raw.Volume from StockPricesRaw raw left outer join StockPrices sp on raw.Ticker = sp.Ticker and raw."Date" = sp.PriceDate where sp.PriceDate is NULL;
10-28_18:53:31 File [C:\Data\Dev\Java\StockPriceDownloader\Data\MRK.csv] Upload success! Time taken =1.22 seconds.
10-28_18:53:31 Starting load [C:\Data\Dev\Java\StockPriceDownloader\Data\QCOM.csv],
10-28_18:53:31 CREATE TABLE IF NOT EXISTS StockPricesRaw ("Ticker" VARCHAR(255),"Date" VARCHAR(255),"Open" VARCHAR(255),"High" VARCHAR(255),"Low" VARCHAR(255),"Close" VARCHAR(255),"Adj Close" VARCHAR(255),"Volume" VARCHAR(255))
10-28_18:53:32 DELETE FROM StockPrices WHERE ROWID IN (select StockPrices.ROWID from StockPrices inner join StockPricesRaw on StockPrices.Ticker = StockPricesRaw.Ticker and StockPrices.PriceDate = StockPricesRaw."Date") ;
10-28_18:53:32 INSERT INTO StockPrices (Ticker,PriceDate,Open,High,Low,Close,"Adj Close",Volume) select raw.Ticker, raw."Date", raw.Open,raw.High,raw.Low,raw.Close, raw."Adj Close", raw.Volume from StockPricesRaw raw left outer join StockPrices sp on raw.Ticker = sp.Ticker and raw."Date" = sp.PriceDate where sp.PriceDate is NULL;
10-28_18:53:32 File [C:\Data\Dev\Java\StockPriceDownloader\Data\QCOM.csv] Upload success! Time taken =1.22 seconds.
10-28_18:53:32 Starting load [C:\Data\Dev\Java\StockPriceDownloader\Data\AMD.csv],
10-28_18:53:32 CREATE TABLE IF NOT EXISTS StockPricesRaw ("Ticker" VARCHAR(255),"Date" VARCHAR(255),"Open" VARCHAR(255),"High" VARCHAR(255),"Low" VARCHAR(255),"Close" VARCHAR(255),"Adj Close" VARCHAR(255),"Volume" VARCHAR(255))
10-28_18:53:33 DELETE FROM StockPrices WHERE ROWID IN (select StockPrices.ROWID from StockPrices inner join StockPricesRaw on StockPrices.Ticker = StockPricesRaw.Ticker and StockPrices.PriceDate = StockPricesRaw."Date") ;
10-28_18:53:33 INSERT INTO StockPrices (Ticker,PriceDate,Open,High,Low,Close,"Adj Close",Volume) select raw.Ticker, raw."Date", raw.Open,raw.High,raw.Low,raw.Close, raw."Adj Close", raw.Volume from StockPricesRaw raw left outer join StockPrices sp on raw.Ticker = sp.Ticker and raw."Date" = sp.PriceDate where sp.PriceDate is NULL;
10-28_18:53:33 File [C:\Data\Dev\Java\StockPriceDownloader\Data\AMD.csv] Upload success! Time taken =1.22 seconds.
10-28_18:53:33 Starting load [C:\Data\Dev\Java\StockPriceDownloader\Data\TMO.csv],
10-28_18:53:33 CREATE TABLE IF NOT EXISTS StockPricesRaw ("Ticker" VARCHAR(255),"Date" VARCHAR(255),"Open" VARCHAR(255),"High" VARCHAR(255),"Low" VARCHAR(255),"Close" VARCHAR(255),"Adj Close" VARCHAR(255),"Volume" VARCHAR(255))
10-28_18:53:35 DELETE FROM StockPrices WHERE ROWID IN (select StockPrices.ROWID from StockPrices inner join StockPricesRaw on StockPrices.Ticker = StockPricesRaw.Ticker and StockPrices.PriceDate = StockPricesRaw."Date") ;
10-28_18:53:35 INSERT INTO StockPrices (Ticker,PriceDate,Open,High,Low,Close,"Adj Close",Volume) select raw.Ticker, raw."Date", raw.Open,raw.High,raw.Low,raw.Close, raw."Adj Close", raw.Volume from StockPricesRaw raw left outer join StockPrices sp on raw.Ticker = sp.Ticker and raw."Date" = sp.PriceDate where sp.PriceDate is NULL;
10-28_18:53:35 File [C:\Data\Dev\Java\StockPriceDownloader\Data\TMO.csv] Upload success! Time taken =1.94 seconds.
10-28_18:53:35 Starting load [C:\Data\Dev\Java\StockPriceDownloader\Data\ADP.csv],
10-28_18:53:35 CREATE TABLE IF NOT EXISTS StockPricesRaw ("Ticker" VARCHAR(255),"Date" VARCHAR(255),"Open" VARCHAR(255),"High" VARCHAR(255),"Low" VARCHAR(255),"Close" VARCHAR(255),"Adj Close" VARCHAR(255),"Volume" VARCHAR(255))
10-28_18:53:37 DELETE FROM StockPrices WHERE ROWID IN (select StockPrices.ROWID from StockPrices inner join StockPricesRaw on StockPrices.Ticker = StockPricesRaw.Ticker and StockPrices.PriceDate = StockPricesRaw."Date") ;
10-28_18:53:37 INSERT INTO StockPrices (Ticker,PriceDate,Open,High,Low,Close,"Adj Close",Volume) select raw.Ticker, raw."Date", raw.Open,raw.High,raw.Low,raw.Close, raw."Adj Close", raw.Volume from StockPricesRaw raw left outer join StockPrices sp on raw.Ticker = sp.Ticker and raw."Date" = sp.PriceDate where sp.PriceDate is NULL;
10-28_18:53:37 File [C:\Data\Dev\Java\StockPriceDownloader\Data\ADP.csv] Upload success! Time taken =1.22 seconds.
10-28_18:53:37 Starting load [C:\Data\Dev\Java\StockPriceDownloader\Data\PYPL.csv],
10-28_18:53:37 CREATE TABLE IF NOT EXISTS StockPricesRaw ("Ticker" VARCHAR(255),"Date" VARCHAR(255),"Open" VARCHAR(255),"High" VARCHAR(255),"Low" VARCHAR(255),"Close" VARCHAR(255),"Adj Close" VARCHAR(255),"Volume" VARCHAR(255))
10-28_18:53:38 DELETE FROM StockPrices WHERE ROWID IN (select StockPrices.ROWID from StockPrices inner join StockPricesRaw on StockPrices.Ticker = StockPricesRaw.Ticker and StockPrices.PriceDate = StockPricesRaw."Date") ;
10-28_18:53:38 INSERT INTO StockPrices (Ticker,PriceDate,Open,High,Low,Close,"Adj Close",Volume) select raw.Ticker, raw."Date", raw.Open,raw.High,raw.Low,raw.Close, raw."Adj Close", raw.Volume from StockPricesRaw raw left outer join StockPrices sp on raw.Ticker = sp.Ticker and raw."Date" = sp.PriceDate where sp.PriceDate is NULL;
10-28_18:53:38 File [C:\Data\Dev\Java\StockPriceDownloader\Data\PYPL.csv] Upload success! Time taken =1.26 seconds.
10-28_18:53:38 Starting load [C:\Data\Dev\Java\StockPriceDownloader\Data\LLY.csv],
10-28_18:53:38 CREATE TABLE IF NOT EXISTS StockPricesRaw ("Ticker" VARCHAR(255),"Date" VARCHAR(255),"Open" VARCHAR(255),"High" VARCHAR(255),"Low" VARCHAR(255),"Close" VARCHAR(255),"Adj Close" VARCHAR(255),"Volume" VARCHAR(255))
10-28_18:53:39 DELETE FROM StockPrices WHERE ROWID IN (select StockPrices.ROWID from StockPrices inner join StockPricesRaw on StockPrices.Ticker = StockPricesRaw.Ticker and StockPrices.PriceDate = StockPricesRaw."Date") ;
10-28_18:53:39 INSERT INTO StockPrices (Ticker,PriceDate,Open,High,Low,Close,"Adj Close",Volume) select raw.Ticker, raw."Date", raw.Open,raw.High,raw.Low,raw.Close, raw."Adj Close", raw.Volume from StockPricesRaw raw left outer join StockPrices sp on raw.Ticker = sp.Ticker and raw."Date" = sp.PriceDate where sp.PriceDate is NULL;
10-28_18:53:39 File [C:\Data\Dev\Java\StockPriceDownloader\Data\LLY.csv] Upload success! Time taken =1.22 seconds.
10-28_18:53:39 Starting load [C:\Data\Dev\Java\StockPriceDownloader\Data\CVX.csv],
10-28_18:53:39 CREATE TABLE IF NOT EXISTS StockPricesRaw ("Ticker" VARCHAR(255),"Date" VARCHAR(255),"Open" VARCHAR(255),"High" VARCHAR(255),"Low" VARCHAR(255),"Close" VARCHAR(255),"Adj Close" VARCHAR(255),"Volume" VARCHAR(255))
10-28_18:53:41 DELETE FROM StockPrices WHERE ROWID IN (select StockPrices.ROWID from StockPrices inner join StockPricesRaw on StockPrices.Ticker = StockPricesRaw.Ticker and StockPrices.PriceDate = StockPricesRaw."Date") ;
10-28_18:53:41 INSERT INTO StockPrices (Ticker,PriceDate,Open,High,Low,Close,"Adj Close",Volume) select raw.Ticker, raw."Date", raw.Open,raw.High,raw.Low,raw.Close, raw."Adj Close", raw.Volume from StockPricesRaw raw left outer join StockPrices sp on raw.Ticker = sp.Ticker and raw."Date" = sp.PriceDate where sp.PriceDate is NULL;
10-28_18:53:41 File [C:\Data\Dev\Java\StockPriceDownloader\Data\CVX.csv] Upload success! Time taken =1.87 seconds.
10-28_18:53:41 Starting load [C:\Data\Dev\Java\StockPriceDownloader\Data\XOM.csv],
10-28_18:53:41 CREATE TABLE IF NOT EXISTS StockPricesRaw ("Ticker" VARCHAR(255),"Date" VARCHAR(255),"Open" VARCHAR(255),"High" VARCHAR(255),"Low" VARCHAR(255),"Close" VARCHAR(255),"Adj Close" VARCHAR(255),"Volume" VARCHAR(255))
10-28_18:53:42 DELETE FROM StockPrices WHERE ROWID IN (select StockPrices.ROWID from StockPrices inner join StockPricesRaw on StockPrices.Ticker = StockPricesRaw.Ticker and StockPrices.PriceDate = StockPricesRaw."Date") ;
10-28_18:53:42 INSERT INTO StockPrices (Ticker,PriceDate,Open,High,Low,Close,"Adj Close",Volume) select raw.Ticker, raw."Date", raw.Open,raw.High,raw.Low,raw.Close, raw."Adj Close", raw.Volume from StockPricesRaw raw left outer join StockPrices sp on raw.Ticker = sp.Ticker and raw."Date" = sp.PriceDate where sp.PriceDate is NULL;
10-28_18:53:42 File [C:\Data\Dev\Java\StockPriceDownloader\Data\XOM.csv] Upload success! Time taken =1.35 seconds.
10-28_18:53:42 Starting load [C:\Data\Dev\Java\StockPriceDownloader\Data\MDLZ.csv],
10-28_18:53:42 CREATE TABLE IF NOT EXISTS StockPricesRaw ("Ticker" VARCHAR(255),"Date" VARCHAR(255),"Open" VARCHAR(255),"High" VARCHAR(255),"Low" VARCHAR(255),"Close" VARCHAR(255),"Adj Close" VARCHAR(255),"Volume" VARCHAR(255))
10-28_18:53:44 DELETE FROM StockPrices WHERE ROWID IN (select StockPrices.ROWID from StockPrices inner join StockPricesRaw on StockPrices.Ticker = StockPricesRaw.Ticker and StockPrices.PriceDate = StockPricesRaw."Date") ;
10-28_18:53:44 INSERT INTO StockPrices (Ticker,PriceDate,Open,High,Low,Close,"Adj Close",Volume) select raw.Ticker, raw."Date", raw.Open,raw.High,raw.Low,raw.Close, raw."Adj Close", raw.Volume from StockPricesRaw raw left outer join StockPrices sp on raw.Ticker = sp.Ticker and raw."Date" = sp.PriceDate where sp.PriceDate is NULL;
10-28_18:53:44 File [C:\Data\Dev\Java\StockPriceDownloader\Data\MDLZ.csv] Upload success! Time taken =1.62 seconds.
10-28_18:53:44 Starting load [C:\Data\Dev\Java\StockPriceDownloader\Data\DIS.csv],
10-28_18:53:44 CREATE TABLE IF NOT EXISTS StockPricesRaw ("Ticker" VARCHAR(255),"Date" VARCHAR(255),"Open" VARCHAR(255),"High" VARCHAR(255),"Low" VARCHAR(255),"Close" VARCHAR(255),"Adj Close" VARCHAR(255),"Volume" VARCHAR(255))
10-28_18:53:46 DELETE FROM StockPrices WHERE ROWID IN (select StockPrices.ROWID from StockPrices inner join StockPricesRaw on StockPrices.Ticker = StockPricesRaw.Ticker and StockPrices.PriceDate = StockPricesRaw."Date") ;
10-28_18:53:46 INSERT INTO StockPrices (Ticker,PriceDate,Open,High,Low,Close,"Adj Close",Volume) select raw.Ticker, raw."Date", raw.Open,raw.High,raw.Low,raw.Close, raw."Adj Close", raw.Volume from StockPricesRaw raw left outer join StockPrices sp on raw.Ticker = sp.Ticker and raw."Date" = sp.PriceDate where sp.PriceDate is NULL;
10-28_18:53:46 File [C:\Data\Dev\Java\StockPriceDownloader\Data\DIS.csv] Upload success! Time taken =1.87 seconds.
10-28_18:53:46 Starting load [C:\Data\Dev\Java\StockPriceDownloader\Data\IBM.csv],
10-28_18:53:46 CREATE TABLE IF NOT EXISTS StockPricesRaw ("Ticker" VARCHAR(255),"Date" VARCHAR(255),"Open" VARCHAR(255),"High" VARCHAR(255),"Low" VARCHAR(255),"Close" VARCHAR(255),"Adj Close" VARCHAR(255),"Volume" VARCHAR(255))
10-28_18:53:47 DELETE FROM StockPrices WHERE ROWID IN (select StockPrices.ROWID from StockPrices inner join StockPricesRaw on StockPrices.Ticker = StockPricesRaw.Ticker and StockPrices.PriceDate = StockPricesRaw."Date") ;
10-28_18:53:47 INSERT INTO StockPrices (Ticker,PriceDate,Open,High,Low,Close,"Adj Close",Volume) select raw.Ticker, raw."Date", raw.Open,raw.High,raw.Low,raw.Close, raw."Adj Close", raw.Volume from StockPricesRaw raw left outer join StockPrices sp on raw.Ticker = sp.Ticker and raw."Date" = sp.PriceDate where sp.PriceDate is NULL;
10-28_18:53:47 File [C:\Data\Dev\Java\StockPriceDownloader\Data\IBM.csv] Upload success! Time taken =1.22 seconds.
10-28_18:53:47 Starting load [C:\Data\Dev\Java\StockPriceDownloader\Data\FISV.VI.csv],
10-28_18:53:47 CREATE TABLE IF NOT EXISTS StockPricesRaw ("Ticker" VARCHAR(255),"Date" VARCHAR(255),"Open" VARCHAR(255),"High" VARCHAR(255),"Low" VARCHAR(255),"Close" VARCHAR(255),"Adj Close" VARCHAR(255),"Volume" VARCHAR(255))
10-28_18:53:48 DELETE FROM StockPrices WHERE ROWID IN (select StockPrices.ROWID from StockPrices inner join StockPricesRaw on StockPrices.Ticker = StockPricesRaw.Ticker and StockPrices.PriceDate = StockPricesRaw."Date") ;
10-28_18:53:48 INSERT INTO StockPrices (Ticker,PriceDate,Open,High,Low,Close,"Adj Close",Volume) select raw.Ticker, raw."Date", raw.Open,raw.High,raw.Low,raw.Close, raw."Adj Close", raw.Volume from StockPricesRaw raw left outer join StockPrices sp on raw.Ticker = sp.Ticker and raw."Date" = sp.PriceDate where sp.PriceDate is NULL;
10-28_18:53:48 File [C:\Data\Dev\Java\StockPriceDownloader\Data\FISV.VI.csv] Upload success! Time taken =1.37 seconds.
10-28_18:53:48 Starting load [C:\Data\Dev\Java\StockPriceDownloader\Data\BKNG.csv],
10-28_18:53:48 CREATE TABLE IF NOT EXISTS StockPricesRaw ("Ticker" VARCHAR(255),"Date" VARCHAR(255),"Open" VARCHAR(255),"High" VARCHAR(255),"Low" VARCHAR(255),"Close" VARCHAR(255),"Adj Close" VARCHAR(255),"Volume" VARCHAR(255))
10-28_18:53:50 DELETE FROM StockPrices WHERE ROWID IN (select StockPrices.ROWID from StockPrices inner join StockPricesRaw on StockPrices.Ticker = StockPricesRaw.Ticker and StockPrices.PriceDate = StockPricesRaw."Date") ;
10-28_18:53:50 INSERT INTO StockPrices (Ticker,PriceDate,Open,High,Low,Close,"Adj Close",Volume) select raw.Ticker, raw."Date", raw.Open,raw.High,raw.Low,raw.Close, raw."Adj Close", raw.Volume from StockPricesRaw raw left outer join StockPrices sp on raw.Ticker = sp.Ticker and raw."Date" = sp.PriceDate where sp.PriceDate is NULL;
10-28_18:53:50 File [C:\Data\Dev\Java\StockPriceDownloader\Data\BKNG.csv] Upload success! Time taken =1.22 seconds.
10-28_18:53:50 Starting load [C:\Data\Dev\Java\StockPriceDownloader\Data\LMT.csv],
10-28_18:53:50 CREATE TABLE IF NOT EXISTS StockPricesRaw ("Ticker" VARCHAR(255),"Date" VARCHAR(255),"Open" VARCHAR(255),"High" VARCHAR(255),"Low" VARCHAR(255),"Close" VARCHAR(255),"Adj Close" VARCHAR(255),"Volume" VARCHAR(255))
10-28_18:53:51 DELETE FROM StockPrices WHERE ROWID IN (select StockPrices.ROWID from StockPrices inner join StockPricesRaw on StockPrices.Ticker = StockPricesRaw.Ticker and StockPrices.PriceDate = StockPricesRaw."Date") ;
10-28_18:53:51 INSERT INTO StockPrices (Ticker,PriceDate,Open,High,Low,Close,"Adj Close",Volume) select raw.Ticker, raw."Date", raw.Open,raw.High,raw.Low,raw.Close, raw."Adj Close", raw.Volume from StockPricesRaw raw left outer join StockPrices sp on raw.Ticker = sp.Ticker and raw."Date" = sp.PriceDate where sp.PriceDate is NULL;
10-28_18:53:51 File [C:\Data\Dev\Java\StockPriceDownloader\Data\LMT.csv] Upload success! Time taken =1.22 seconds.
10-28_18:53:51 Starting load [C:\Data\Dev\Java\StockPriceDownloader\Data\NKE.csv],
10-28_18:53:51 CREATE TABLE IF NOT EXISTS StockPricesRaw ("Ticker" VARCHAR(255),"Date" VARCHAR(255),"Open" VARCHAR(255),"High" VARCHAR(255),"Low" VARCHAR(255),"Close" VARCHAR(255),"Adj Close" VARCHAR(255),"Volume" VARCHAR(255))
10-28_18:53:53 DELETE FROM StockPrices WHERE ROWID IN (select StockPrices.ROWID from StockPrices inner join StockPricesRaw on StockPrices.Ticker = StockPricesRaw.Ticker and StockPrices.PriceDate = StockPricesRaw."Date") ;
10-28_18:53:53 INSERT INTO StockPrices (Ticker,PriceDate,Open,High,Low,Close,"Adj Close",Volume) select raw.Ticker, raw."Date", raw.Open,raw.High,raw.Low,raw.Close, raw."Adj Close", raw.Volume from StockPricesRaw raw left outer join StockPrices sp on raw.Ticker = sp.Ticker and raw."Date" = sp.PriceDate where sp.PriceDate is NULL;
10-28_18:53:53 File [C:\Data\Dev\Java\StockPriceDownloader\Data\NKE.csv] Upload success! Time taken =1.96 seconds.
10-28_18:53:53 Starting load [C:\Data\Dev\Java\StockPriceDownloader\Data\UNP.csv],
10-28_18:53:53 CREATE TABLE IF NOT EXISTS StockPricesRaw ("Ticker" VARCHAR(255),"Date" VARCHAR(255),"Open" VARCHAR(255),"High" VARCHAR(255),"Low" VARCHAR(255),"Close" VARCHAR(255),"Adj Close" VARCHAR(255),"Volume" VARCHAR(255))
10-28_18:53:54 DELETE FROM StockPrices WHERE ROWID IN (select StockPrices.ROWID from StockPrices inner join StockPricesRaw on StockPrices.Ticker = StockPricesRaw.Ticker and StockPrices.PriceDate = StockPricesRaw."Date") ;
10-28_18:53:54 INSERT INTO StockPrices (Ticker,PriceDate,Open,High,Low,Close,"Adj Close",Volume) select raw.Ticker, raw."Date", raw.Open,raw.High,raw.Low,raw.Close, raw."Adj Close", raw.Volume from StockPricesRaw raw left outer join StockPrices sp on raw.Ticker = sp.Ticker and raw."Date" = sp.PriceDate where sp.PriceDate is NULL;
10-28_18:53:54 File [C:\Data\Dev\Java\StockPriceDownloader\Data\UNP.csv] Upload success! Time taken =1.52 seconds.
10-28_18:53:54 Starting load [C:\Data\Dev\Java\StockPriceDownloader\Data\DHR.csv],
10-28_18:53:54 CREATE TABLE IF NOT EXISTS StockPricesRaw ("Ticker" VARCHAR(255),"Date" VARCHAR(255),"Open" VARCHAR(255),"High" VARCHAR(255),"Low" VARCHAR(255),"Close" VARCHAR(255),"Adj Close" VARCHAR(255),"Volume" VARCHAR(255))
10-28_18:53:56 DELETE FROM StockPrices WHERE ROWID IN (select StockPrices.ROWID from StockPrices inner join StockPricesRaw on StockPrices.Ticker = StockPricesRaw.Ticker and StockPrices.PriceDate = StockPricesRaw."Date") ;
10-28_18:53:56 INSERT INTO StockPrices (Ticker,PriceDate,Open,High,Low,Close,"Adj Close",Volume) select raw.Ticker, raw."Date", raw.Open,raw.High,raw.Low,raw.Close, raw."Adj Close", raw.Volume from StockPricesRaw raw left outer join StockPrices sp on raw.Ticker = sp.Ticker and raw."Date" = sp.PriceDate where sp.PriceDate is NULL;
10-28_18:53:56 File [C:\Data\Dev\Java\StockPriceDownloader\Data\DHR.csv] Upload success! Time taken =1.39 seconds.
10-28_18:53:56 Starting load [C:\Data\Dev\Java\StockPriceDownloader\Data\DOW.csv],
10-28_18:53:56 CREATE TABLE IF NOT EXISTS StockPricesRaw ("Ticker" VARCHAR(255),"Date" VARCHAR(255),"Open" VARCHAR(255),"High" VARCHAR(255),"Low" VARCHAR(255),"Close" VARCHAR(255),"Adj Close" VARCHAR(255),"Volume" VARCHAR(255))
10-28_18:53:57 DELETE FROM StockPrices WHERE ROWID IN (select StockPrices.ROWID from StockPrices inner join StockPricesRaw on StockPrices.Ticker = StockPricesRaw.Ticker and StockPrices.PriceDate = StockPricesRaw."Date") ;
10-28_18:53:58 INSERT INTO StockPrices (Ticker,PriceDate,Open,High,Low,Close,"Adj Close",Volume) select raw.Ticker, raw."Date", raw.Open,raw.High,raw.Low,raw.Close, raw."Adj Close", raw.Volume from StockPricesRaw raw left outer join StockPrices sp on raw.Ticker = sp.Ticker and raw."Date" = sp.PriceDate where sp.PriceDate is NULL;
10-28_18:53:58 File [C:\Data\Dev\Java\StockPriceDownloader\Data\DOW.csv] Upload success! Time taken =1.91 seconds.
10-28_18:53:58 Starting load [C:\Data\Dev\Java\StockPriceDownloader\Data\JPM.csv],
10-28_18:53:58 CREATE TABLE IF NOT EXISTS StockPricesRaw ("Ticker" VARCHAR(255),"Date" VARCHAR(255),"Open" VARCHAR(255),"High" VARCHAR(255),"Low" VARCHAR(255),"Close" VARCHAR(255),"Adj Close" VARCHAR(255),"Volume" VARCHAR(255))
10-28_18:53:59 DELETE FROM StockPrices WHERE ROWID IN (select StockPrices.ROWID from StockPrices inner join StockPricesRaw on StockPrices.Ticker = StockPricesRaw.Ticker and StockPrices.PriceDate = StockPricesRaw."Date") ;
10-28_18:53:59 INSERT INTO StockPrices (Ticker,PriceDate,Open,High,Low,Close,"Adj Close",Volume) select raw.Ticker, raw."Date", raw.Open,raw.High,raw.Low,raw.Close, raw."Adj Close", raw.Volume from StockPricesRaw raw left outer join StockPrices sp on raw.Ticker = sp.Ticker and raw."Date" = sp.PriceDate where sp.PriceDate is NULL;
10-28_18:53:59 File [C:\Data\Dev\Java\StockPriceDownloader\Data\JPM.csv] Upload success! Time taken =1.24 seconds.
10-28_18:53:59 Starting load [C:\Data\Dev\Java\StockPriceDownloader\Data\WBA.csv],
10-28_18:53:59 CREATE TABLE IF NOT EXISTS StockPricesRaw ("Ticker" VARCHAR(255),"Date" VARCHAR(255),"Open" VARCHAR(255),"High" VARCHAR(255),"Low" VARCHAR(255),"Close" VARCHAR(255),"Adj Close" VARCHAR(255),"Volume" VARCHAR(255))
10-28_18:54:00 DELETE FROM StockPrices WHERE ROWID IN (select StockPrices.ROWID from StockPrices inner join StockPricesRaw on StockPrices.Ticker = StockPricesRaw.Ticker and StockPrices.PriceDate = StockPricesRaw."Date") ;
10-28_18:54:00 INSERT INTO StockPrices (Ticker,PriceDate,Open,High,Low,Close,"Adj Close",Volume) select raw.Ticker, raw."Date", raw.Open,raw.High,raw.Low,raw.Close, raw."Adj Close", raw.Volume from StockPricesRaw raw left outer join StockPrices sp on raw.Ticker = sp.Ticker and raw."Date" = sp.PriceDate where sp.PriceDate is NULL;
10-28_18:54:00 File [C:\Data\Dev\Java\StockPriceDownloader\Data\WBA.csv] Upload success! Time taken =1.22 seconds.
10-28_18:54:00 Starting load [C:\Data\Dev\Java\StockPriceDownloader\Data\MO.csv],
10-28_18:54:00 CREATE TABLE IF NOT EXISTS StockPricesRaw ("Ticker" VARCHAR(255),"Date" VARCHAR(255),"Open" VARCHAR(255),"High" VARCHAR(255),"Low" VARCHAR(255),"Close" VARCHAR(255),"Adj Close" VARCHAR(255),"Volume" VARCHAR(255))
10-28_18:54:01 DELETE FROM StockPrices WHERE ROWID IN (select StockPrices.ROWID from StockPrices inner join StockPricesRaw on StockPrices.Ticker = StockPricesRaw.Ticker and StockPrices.PriceDate = StockPricesRaw."Date") ;
10-28_18:54:01 INSERT INTO StockPrices (Ticker,PriceDate,Open,High,Low,Close,"Adj Close",Volume) select raw.Ticker, raw."Date", raw.Open,raw.High,raw.Low,raw.Close, raw."Adj Close", raw.Volume from StockPricesRaw raw left outer join StockPrices sp on raw.Ticker = sp.Ticker and raw."Date" = sp.PriceDate where sp.PriceDate is NULL;
10-28_18:54:01 File [C:\Data\Dev\Java\StockPriceDownloader\Data\MO.csv] Upload success! Time taken =1.24 seconds.
10-28_18:54:01 Starting load [C:\Data\Dev\Java\StockPriceDownloader\Data\AVGO.csv],
10-28_18:54:01 CREATE TABLE IF NOT EXISTS StockPricesRaw ("Ticker" VARCHAR(255),"Date" VARCHAR(255),"Open" VARCHAR(255),"High" VARCHAR(255),"Low" VARCHAR(255),"Close" VARCHAR(255),"Adj Close" VARCHAR(255),"Volume" VARCHAR(255))
10-28_18:54:03 DELETE FROM StockPrices WHERE ROWID IN (select StockPrices.ROWID from StockPrices inner join StockPricesRaw on StockPrices.Ticker = StockPricesRaw.Ticker and StockPrices.PriceDate = StockPricesRaw."Date") ;
10-28_18:54:03 INSERT INTO StockPrices (Ticker,PriceDate,Open,High,Low,Close,"Adj Close",Volume) select raw.Ticker, raw."Date", raw.Open,raw.High,raw.Low,raw.Close, raw."Adj Close", raw.Volume from StockPricesRaw raw left outer join StockPrices sp on raw.Ticker = sp.Ticker and raw."Date" = sp.PriceDate where sp.PriceDate is NULL;
10-28_18:54:03 File [C:\Data\Dev\Java\StockPriceDownloader\Data\AVGO.csv] Upload success! Time taken =1.99 seconds.
10-28_18:54:03 Starting load [C:\Data\Dev\Java\StockPriceDownloader\Data\MMM.csv],
10-28_18:54:03 CREATE TABLE IF NOT EXISTS StockPricesRaw ("Ticker" VARCHAR(255),"Date" VARCHAR(255),"Open" VARCHAR(255),"High" VARCHAR(255),"Low" VARCHAR(255),"Close" VARCHAR(255),"Adj Close" VARCHAR(255),"Volume" VARCHAR(255))
10-28_18:54:04 DELETE FROM StockPrices WHERE ROWID IN (select StockPrices.ROWID from StockPrices inner join StockPricesRaw on StockPrices.Ticker = StockPricesRaw.Ticker and StockPrices.PriceDate = StockPricesRaw."Date") ;
10-28_18:54:04 INSERT INTO StockPrices (Ticker,PriceDate,Open,High,Low,Close,"Adj Close",Volume) select raw.Ticker, raw."Date", raw.Open,raw.High,raw.Low,raw.Close, raw."Adj Close", raw.Volume from StockPricesRaw raw left outer join StockPrices sp on raw.Ticker = sp.Ticker and raw."Date" = sp.PriceDate where sp.PriceDate is NULL;
10-28_18:54:04 File [C:\Data\Dev\Java\StockPriceDownloader\Data\MMM.csv] Upload success! Time taken =1.21 seconds.
10-28_18:54:04 The Total time to Upload=75.84 seconds 53 files.
